[2020-03-16 16:53:49] local.ERROR: PDOException: SQLSTATE[42S22]: Column not found: 1054 Unknown column 'updated_at' in 'field list' in C:\xampp\htdocs\vugol\vendor\illuminate\database\Connection.php:457
Stack trace:
#0 C:\xampp\htdocs\vugol\vendor\illuminate\database\Connection.php(457): PDO->prepare('insert into `di...')
#1 C:\xampp\htdocs\vugol\vendor\illuminate\database\Connection.php(662): Illuminate\Database\Connection->Illuminate\Database\{closure}('insert into `di...', Array)
#2 C:\xampp\htdocs\vugol\vendor\illuminate\database\Connection.php(629): Illuminate\Database\Connection->runQueryCallback('insert into `di...', Array, Object(Closure))
#3 C:\xampp\htdocs\vugol\vendor\illuminate\database\Connection.php(464): Illuminate\Database\Connection->run('insert into `di...', Array, Object(Closure))
#4 C:\xampp\htdocs\vugol\vendor\illuminate\database\Connection.php(416): Illuminate\Database\Connection->statement('insert into `di...', Array)
#5 C:\xampp\htdocs\vugol\vendor\illuminate\database\Query\Processors\Processor.php(32): Illuminate\Database\Connection->insert('insert into `di...', Array)
#6 C:\xampp\htdocs\vugol\vendor\illuminate\database\Query\Builder.php(2705): Illuminate\Database\Query\Processors\Processor->processInsertGetId(Object(Illuminate\Database\Query\Builder), 'insert into `di...', Array, 'id')
#7 C:\xampp\htdocs\vugol\vendor\illuminate\database\Eloquent\Builder.php(1381): Illuminate\Database\Query\Builder->insertGetId(Array, 'id')
#8 C:\xampp\htdocs\vugol\vendor\illuminate\database\Eloquent\Model.php(865): Illuminate\Database\Eloquent\Builder->__call('insertGetId', Array)
#9 C:\xampp\htdocs\vugol\vendor\illuminate\database\Eloquent\Model.php(830): Illuminate\Database\Eloquent\Model->insertAndSetId(Object(Illuminate\Database\Eloquent\Builder), Array)
#10 C:\xampp\htdocs\vugol\vendor\illuminate\database\Eloquent\Model.php(693): Illuminate\Database\Eloquent\Model->performInsert(Object(Illuminate\Database\Eloquent\Builder))
#11 C:\xampp\htdocs\vugol\app\Http\Controllers\DivisionController.php(16): Illuminate\Database\Eloquent\Model->save()
#12 [internal function]: App\Http\Controllers\DivisionController::addDivision(Object(Laravel\Lumen\Http\Request))
#13 C:\xampp\htdocs\vugol\vendor\illuminate\container\BoundMethod.php(32): call_user_func_array(Array, Array)
#14 C:\xampp\htdocs\vugol\vendor\illuminate\container\Util.php(36): Illuminate\Container\BoundMethod::Illuminate\Container\{closure}()
#15 C:\xampp\htdocs\vugol\vendor\illuminate\container\BoundMethod.php(90): Illuminate\Container\Util::unwrapIfClosure(Object(Closure))
#16 C:\xampp\htdocs\vugol\vendor\illuminate\container\BoundMethod.php(34): Illuminate\Container\BoundMethod::callBoundMethod(Object(Laravel\Lumen\Application), Array, Object(Closure))
#17 C:\xampp\htdocs\vugol\vendor\illuminate\container\Container.php(590): Illuminate\Container\BoundMethod::call(Object(Laravel\Lumen\Application), Array, Array, NULL)
#18 C:\xampp\htdocs\vugol\vendor\laravel\lumen-framework\src\Concerns\RoutesRequests.php(376): Illuminate\Container\Container->call(Array, Array)
#19 C:\xampp\htdocs\vugol\vendor\laravel\lumen-framework\src\Concerns\RoutesRequests.php(342): Laravel\Lumen\Application->callControllerCallable(Array, Array)
#20 C:\xampp\htdocs\vugol\vendor\laravel\lumen-framework\src\Concerns\RoutesRequests.php(316): Laravel\Lumen\Application->callLumenController(Object(App\Http\Controllers\DivisionController), 'addDivision', Array)
#21 C:\xampp\htdocs\vugol\vendor\laravel\lumen-framework\src\Concerns\RoutesRequests.php(278): Laravel\Lumen\Application->callControllerAction(Array)
#22 C:\xampp\htdocs\vugol\vendor\laravel\lumen-framework\src\Concerns\RoutesRequests.php(263): Laravel\Lumen\Application->callActionOnArrayBasedRoute(Array)
#23 C:\xampp\htdocs\vugol\vendor\laravel\lumen-framework\src\Concerns\RoutesRequests.php(165): Laravel\Lumen\Application->handleFoundRoute(Array)
#24 C:\xampp\htdocs\vugol\vendor\laravel\lumen-framework\src\Concerns\RoutesRequests.php(416): Laravel\Lumen\Application->Laravel\Lumen\Concerns\{closure}(Object(Laravel\Lumen\Http\Request))
#25 C:\xampp\htdocs\vugol\vendor\laravel\lumen-framework\src\Concerns\RoutesRequests.php(171): Laravel\Lumen\Application->sendThroughPipeline(Array, Object(Closure))
#26 C:\xampp\htdocs\vugol\vendor\laravel\lumen-framework\src\Concerns\RoutesRequests.php(108): Laravel\Lumen\Application->dispatch(NULL)
#27 C:\xampp\htdocs\vugol\public\index.php(28): Laravel\Lumen\Application->run()
#28 {main}

Next Illuminate\Database\QueryException: SQLSTATE[42S22]: Column not found: 1054 Unknown column 'updated_at' in 'field list' (SQL: insert into `divisions` (`name`, `name_bn`, `url`, `updated_at`, `created_at`) values (Barisal, বরিশাল, barisaldiv.gov.bd, 2020-03-16 16:53:49, 2020-03-16 16:53:49)) in C:\xampp\htdocs\vugol\vendor\illuminate\database\Connection.php:669
Stack trace:
#0 C:\xampp\htdocs\vugol\vendor\illuminate\database\Connection.php(629): Illuminate\Database\Connection->runQueryCallback('insert into `di...', Array, Object(Closure))
#1 C:\xampp\htdocs\vugol\vendor\illuminate\database\Connection.php(464): Illuminate\Database\Connection->run('insert into `di...', Array, Object(Closure))
#2 C:\xampp\htdocs\vugol\vendor\illuminate\database\Connection.php(416): Illuminate\Database\Connection->statement('insert into `di...', Array)
#3 C:\xampp\htdocs\vugol\vendor\illuminate\database\Query\Processors\Processor.php(32): Illuminate\Database\Connection->insert('insert into `di...', Array)
#4 C:\xampp\htdocs\vugol\vendor\illuminate\database\Query\Builder.php(2705): Illuminate\Database\Query\Processors\Processor->processInsertGetId(Object(Illuminate\Database\Query\Builder), 'insert into `di...', Array, 'id')
#5 C:\xampp\htdocs\vugol\vendor\illuminate\database\Eloquent\Builder.php(1381): Illuminate\Database\Query\Builder->insertGetId(Array, 'id')
#6 C:\xampp\htdocs\vugol\vendor\illuminate\database\Eloquent\Model.php(865): Illuminate\Database\Eloquent\Builder->__call('insertGetId', Array)
#7 C:\xampp\htdocs\vugol\vendor\illuminate\database\Eloquent\Model.php(830): Illuminate\Database\Eloquent\Model->insertAndSetId(Object(Illuminate\Database\Eloquent\Builder), Array)
#8 C:\xampp\htdocs\vugol\vendor\illuminate\database\Eloquent\Model.php(693): Illuminate\Database\Eloquent\Model->performInsert(Object(Illuminate\Database\Eloquent\Builder))
#9 C:\xampp\htdocs\vugol\app\Http\Controllers\DivisionController.php(16): Illuminate\Database\Eloquent\Model->save()
#10 [internal function]: App\Http\Controllers\DivisionController::addDivision(Object(Laravel\Lumen\Http\Request))
#11 C:\xampp\htdocs\vugol\vendor\illuminate\container\BoundMethod.php(32): call_user_func_array(Array, Array)
#12 C:\xampp\htdocs\vugol\vendor\illuminate\container\Util.php(36): Illuminate\Container\BoundMethod::Illuminate\Container\{closure}()
#13 C:\xampp\htdocs\vugol\vendor\illuminate\container\BoundMethod.php(90): Illuminate\Container\Util::unwrapIfClosure(Object(Closure))
#14 C:\xampp\htdocs\vugol\vendor\illuminate\container\BoundMethod.php(34): Illuminate\Container\BoundMethod::callBoundMethod(Object(Laravel\Lumen\Application), Array, Object(Closure))
#15 C:\xampp\htdocs\vugol\vendor\illuminate\container\Container.php(590): Illuminate\Container\BoundMethod::call(Object(Laravel\Lumen\Application), Array, Array, NULL)
#16 C:\xampp\htdocs\vugol\vendor\laravel\lumen-framework\src\Concerns\RoutesRequests.php(376): Illuminate\Container\Container->call(Array, Array)
#17 C:\xampp\htdocs\vugol\vendor\laravel\lumen-framework\src\Concerns\RoutesRequests.php(342): Laravel\Lumen\Application->callControllerCallable(Array, Array)
#18 C:\xampp\htdocs\vugol\vendor\laravel\lumen-framework\src\Concerns\RoutesRequests.php(316): Laravel\Lumen\Application->callLumenController(Object(App\Http\Controllers\DivisionController), 'addDivision', Array)
#19 C:\xampp\htdocs\vugol\vendor\laravel\lumen-framework\src\Concerns\RoutesRequests.php(278): Laravel\Lumen\Application->callControllerAction(Array)
#20 C:\xampp\htdocs\vugol\vendor\laravel\lumen-framework\src\Concerns\RoutesRequests.php(263): Laravel\Lumen\Application->callActionOnArrayBasedRoute(Array)
#21 C:\xampp\htdocs\vugol\vendor\laravel\lumen-framework\src\Concerns\RoutesRequests.php(165): Laravel\Lumen\Application->handleFoundRoute(Array)
#22 C:\xampp\htdocs\vugol\vendor\laravel\lumen-framework\src\Concerns\RoutesRequests.php(416): Laravel\Lumen\Application->Laravel\Lumen\Concerns\{closure}(Object(Laravel\Lumen\Http\Request))
#23 C:\xampp\htdocs\vugol\vendor\laravel\lumen-framework\src\Concerns\RoutesRequests.php(171): Laravel\Lumen\Application->sendThroughPipeline(Array, Object(Closure))
#24 C:\xampp\htdocs\vugol\vendor\laravel\lumen-framework\src\Concerns\RoutesRequests.php(108): Laravel\Lumen\Application->dispatch(NULL)
#25 C:\xampp\htdocs\vugol\public\index.php(28): Laravel\Lumen\Application->run()
#26 {main} {"exception":"[object] (Illuminate\\Database\\QueryException(code: 42S22): SQLSTATE[42S22]: Column not found: 1054 Unknown column 'updated_at' in 'field list' (SQL: insert into `divisions` (`name`, `name_bn`, `url`, `updated_at`, `created_at`) values (Barisal, বরিশাল, barisaldiv.gov.bd, 2020-03-16 16:53:49, 2020-03-16 16:53:49)) at C:\\xampp\\htdocs\\vugol\\vendor\\illuminate\\database\\Connection.php:669)
[stacktrace]
#0 C:\\xampp\\htdocs\\vugol\\vendor\\illuminate\\database\\Connection.php(629): Illuminate\\Database\\Connection->runQueryCallback('insert into `di...', Array, Object(Closure))
#1 C:\\xampp\\htdocs\\vugol\\vendor\\illuminate\\database\\Connection.php(464): Illuminate\\Database\\Connection->run('insert into `di...', Array, Object(Closure))
#2 C:\\xampp\\htdocs\\vugol\\vendor\\illuminate\\database\\Connection.php(416): Illuminate\\Database\\Connection->statement('insert into `di...', Array)
#3 C:\\xampp\\htdocs\\vugol\\vendor\\illuminate\\database\\Query\\Processors\\Processor.php(32): Illuminate\\Database\\Connection->insert('insert into `di...', Array)
#4 C:\\xampp\\htdocs\\vugol\\vendor\\illuminate\\database\\Query\\Builder.php(2705): Illuminate\\Database\\Query\\Processors\\Processor->processInsertGetId(Object(Illuminate\\Database\\Query\\Builder), 'insert into `di...', Array, 'id')
#5 C:\\xampp\\htdocs\\vugol\\vendor\\illuminate\\database\\Eloquent\\Builder.php(1381): Illuminate\\Database\\Query\\Builder->insertGetId(Array, 'id')
#6 C:\\xampp\\htdocs\\vugol\\vendor\\illuminate\\database\\Eloquent\\Model.php(865): Illuminate\\Database\\Eloquent\\Builder->__call('insertGetId', Array)
#7 C:\\xampp\\htdocs\\vugol\\vendor\\illuminate\\database\\Eloquent\\Model.php(830): Illuminate\\Database\\Eloquent\\Model->insertAndSetId(Object(Illuminate\\Database\\Eloquent\\Builder), Array)
#8 C:\\xampp\\htdocs\\vugol\\vendor\\illuminate\\database\\Eloquent\\Model.php(693): Illuminate\\Database\\Eloquent\\Model->performInsert(Object(Illuminate\\Database\\Eloquent\\Builder))
#9 C:\\xampp\\htdocs\\vugol\\app\\Http\\Controllers\\DivisionController.php(16): Illuminate\\Database\\Eloquent\\Model->save()
#10 [internal function]: App\\Http\\Controllers\\DivisionController::addDivision(Object(Laravel\\Lumen\\Http\\Request))
#11 C:\\xampp\\htdocs\\vugol\\vendor\\illuminate\\container\\BoundMethod.php(32): call_user_func_array(Array, Array)
#12 C:\\xampp\\htdocs\\vugol\\vendor\\illuminate\\container\\Util.php(36): Illuminate\\Container\\BoundMethod::Illuminate\\Container\\{closure}()
#13 C:\\xampp\\htdocs\\vugol\\vendor\\illuminate\\container\\BoundMethod.php(90): Illuminate\\Container\\Util::unwrapIfClosure(Object(Closure))
#14 C:\\xampp\\htdocs\\vugol\\vendor\\illuminate\\container\\BoundMethod.php(34): Illuminate\\Container\\BoundMethod::callBoundMethod(Object(Laravel\\Lumen\\Application), Array, Object(Closure))
#15 C:\\xampp\\htdocs\\vugol\\vendor\\illuminate\\container\\Container.php(590): Illuminate\\Container\\BoundMethod::call(Object(Laravel\\Lumen\\Application), Array, Array, NULL)
#16 C:\\xampp\\htdocs\\vugol\\vendor\\laravel\\lumen-framework\\src\\Concerns\\RoutesRequests.php(376): Illuminate\\Container\\Container->call(Array, Array)
#17 C:\\xampp\\htdocs\\vugol\\vendor\\laravel\\lumen-framework\\src\\Concerns\\RoutesRequests.php(342): Laravel\\Lumen\\Application->callControllerCallable(Array, Array)
#18 C:\\xampp\\htdocs\\vugol\\vendor\\laravel\\lumen-framework\\src\\Concerns\\RoutesRequests.php(316): Laravel\\Lumen\\Application->callLumenController(Object(App\\Http\\Controllers\\DivisionController), 'addDivision', Array)
#19 C:\\xampp\\htdocs\\vugol\\vendor\\laravel\\lumen-framework\\src\\Concerns\\RoutesRequests.php(278): Laravel\\Lumen\\Application->callControllerAction(Array)
#20 C:\\xampp\\htdocs\\vugol\\vendor\\laravel\\lumen-framework\\src\\Concerns\\RoutesRequests.php(263): Laravel\\Lumen\\Application->callActionOnArrayBasedRoute(Array)
#21 C:\\xampp\\htdocs\\vugol\\vendor\\laravel\\lumen-framework\\src\\Concerns\\RoutesRequests.php(165): Laravel\\Lumen\\Application->handleFoundRoute(Array)
#22 C:\\xampp\\htdocs\\vugol\\vendor\\laravel\\lumen-framework\\src\\Concerns\\RoutesRequests.php(416): Laravel\\Lumen\\Application->Laravel\\Lumen\\Concerns\\{closure}(Object(Laravel\\Lumen\\Http\\Request))
#23 C:\\xampp\\htdocs\\vugol\\vendor\\laravel\\lumen-framework\\src\\Concerns\\RoutesRequests.php(171): Laravel\\Lumen\\Application->sendThroughPipeline(Array, Object(Closure))
#24 C:\\xampp\\htdocs\\vugol\\vendor\\laravel\\lumen-framework\\src\\Concerns\\RoutesRequests.php(108): Laravel\\Lumen\\Application->dispatch(NULL)
#25 C:\\xampp\\htdocs\\vugol\\public\\index.php(28): Laravel\\Lumen\\Application->run()
#26 {main}

[previous exception] [object] (PDOException(code: 42S22): SQLSTATE[42S22]: Column not found: 1054 Unknown column 'updated_at' in 'field list' at C:\\xampp\\htdocs\\vugol\\vendor\\illuminate\\database\\Connection.php:457)
[stacktrace]
#0 C:\\xampp\\htdocs\\vugol\\vendor\\illuminate\\database\\Connection.php(457): PDO->prepare('insert into `di...')
#1 C:\\xampp\\htdocs\\vugol\\vendor\\illuminate\\database\\Connection.php(662): Illuminate\\Database\\Connection->Illuminate\\Database\\{closure}('insert into `di...', Array)
#2 C:\\xampp\\htdocs\\vugol\\vendor\\illuminate\\database\\Connection.php(629): Illuminate\\Database\\Connection->runQueryCallback('insert into `di...', Array, Object(Closure))
#3 C:\\xampp\\htdocs\\vugol\\vendor\\illuminate\\database\\Connection.php(464): Illuminate\\Database\\Connection->run('insert into `di...', Array, Object(Closure))
#4 C:\\xampp\\htdocs\\vugol\\vendor\\illuminate\\database\\Connection.php(416): Illuminate\\Database\\Connection->statement('insert into `di...', Array)
#5 C:\\xampp\\htdocs\\vugol\\vendor\\illuminate\\database\\Query\\Processors\\Processor.php(32): Illuminate\\Database\\Connection->insert('insert into `di...', Array)
#6 C:\\xampp\\htdocs\\vugol\\vendor\\illuminate\\database\\Query\\Builder.php(2705): Illuminate\\Database\\Query\\Processors\\Processor->processInsertGetId(Object(Illuminate\\Database\\Query\\Builder), 'insert into `di...', Array, 'id')
#7 C:\\xampp\\htdocs\\vugol\\vendor\\illuminate\\database\\Eloquent\\Builder.php(1381): Illuminate\\Database\\Query\\Builder->insertGetId(Array, 'id')
#8 C:\\xampp\\htdocs\\vugol\\vendor\\illuminate\\database\\Eloquent\\Model.php(865): Illuminate\\Database\\Eloquent\\Builder->__call('insertGetId', Array)
#9 C:\\xampp\\htdocs\\vugol\\vendor\\illuminate\\database\\Eloquent\\Model.php(830): Illuminate\\Database\\Eloquent\\Model->insertAndSetId(Object(Illuminate\\Database\\Eloquent\\Builder), Array)
#10 C:\\xampp\\htdocs\\vugol\\vendor\\illuminate\\database\\Eloquent\\Model.php(693): Illuminate\\Database\\Eloquent\\Model->performInsert(Object(Illuminate\\Database\\Eloquent\\Builder))
#11 C:\\xampp\\htdocs\\vugol\\app\\Http\\Controllers\\DivisionController.php(16): Illuminate\\Database\\Eloquent\\Model->save()
#12 [internal function]: App\\Http\\Controllers\\DivisionController::addDivision(Object(Laravel\\Lumen\\Http\\Request))
#13 C:\\xampp\\htdocs\\vugol\\vendor\\illuminate\\container\\BoundMethod.php(32): call_user_func_array(Array, Array)
#14 C:\\xampp\\htdocs\\vugol\\vendor\\illuminate\\container\\Util.php(36): Illuminate\\Container\\BoundMethod::Illuminate\\Container\\{closure}()
#15 C:\\xampp\\htdocs\\vugol\\vendor\\illuminate\\container\\BoundMethod.php(90): Illuminate\\Container\\Util::unwrapIfClosure(Object(Closure))
#16 C:\\xampp\\htdocs\\vugol\\vendor\\illuminate\\container\\BoundMethod.php(34): Illuminate\\Container\\BoundMethod::callBoundMethod(Object(Laravel\\Lumen\\Application), Array, Object(Closure))
#17 C:\\xampp\\htdocs\\vugol\\vendor\\illuminate\\container\\Container.php(590): Illuminate\\Container\\BoundMethod::call(Object(Laravel\\Lumen\\Application), Array, Array, NULL)
#18 C:\\xampp\\htdocs\\vugol\\vendor\\laravel\\lumen-framework\\src\\Concerns\\RoutesRequests.php(376): Illuminate\\Container\\Container->call(Array, Array)
#19 C:\\xampp\\htdocs\\vugol\\vendor\\laravel\\lumen-framework\\src\\Concerns\\RoutesRequests.php(342): Laravel\\Lumen\\Application->callControllerCallable(Array, Array)
#20 C:\\xampp\\htdocs\\vugol\\vendor\\laravel\\lumen-framework\\src\\Concerns\\RoutesRequests.php(316): Laravel\\Lumen\\Application->callLumenController(Object(App\\Http\\Controllers\\DivisionController), 'addDivision', Array)
#21 C:\\xampp\\htdocs\\vugol\\vendor\\laravel\\lumen-framework\\src\\Concerns\\RoutesRequests.php(278): Laravel\\Lumen\\Application->callControllerAction(Array)
#22 C:\\xampp\\htdocs\\vugol\\vendor\\laravel\\lumen-framework\\src\\Concerns\\RoutesRequests.php(263): Laravel\\Lumen\\Application->callActionOnArrayBasedRoute(Array)
#23 C:\\xampp\\htdocs\\vugol\\vendor\\laravel\\lumen-framework\\src\\Concerns\\RoutesRequests.php(165): Laravel\\Lumen\\Application->handleFoundRoute(Array)
#24 C:\\xampp\\htdocs\\vugol\\vendor\\laravel\\lumen-framework\\src\\Concerns\\RoutesRequests.php(416): Laravel\\Lumen\\Application->Laravel\\Lumen\\Concerns\\{closure}(Object(Laravel\\Lumen\\Http\\Request))
#25 C:\\xampp\\htdocs\\vugol\\vendor\\laravel\\lumen-framework\\src\\Concerns\\RoutesRequests.php(171): Laravel\\Lumen\\Application->sendThroughPipeline(Array, Object(Closure))
#26 C:\\xampp\\htdocs\\vugol\\vendor\\laravel\\lumen-framework\\src\\Concerns\\RoutesRequests.php(108): Laravel\\Lumen\\Application->dispatch(NULL)
#27 C:\\xampp\\htdocs\\vugol\\public\\index.php(28): Laravel\\Lumen\\Application->run()
#28 {main}
"} 
[2020-03-16 17:33:22] local.ERROR: ParseError: syntax error, unexpected '$division' (T_VARIABLE) in C:\xampp\htdocs\vugol\app\Http\Controllers\DivisionController.php:13
Stack trace:
#0 C:\xampp\htdocs\vugol\vendor\composer\ClassLoader.php(322): Composer\Autoload\includeFile('C:\\xampp\\htdocs...')
#1 [internal function]: Composer\Autoload\ClassLoader->loadClass('App\\Http\\Contro...')
#2 [internal function]: spl_autoload_call('App\\Http\\Contro...')
#3 C:\xampp\htdocs\vugol\vendor\illuminate\container\Container.php(803): ReflectionClass->__construct('App\\Http\\Contro...')
#4 C:\xampp\htdocs\vugol\vendor\illuminate\container\Container.php(681): Illuminate\Container\Container->build('App\\Http\\Contro...')
#5 C:\xampp\htdocs\vugol\vendor\illuminate\container\Container.php(629): Illuminate\Container\Container->resolve('App\\Http\\Contro...', Array)
#6 C:\xampp\htdocs\vugol\vendor\laravel\lumen-framework\src\Application.php(266): Illuminate\Container\Container->make('App\\Http\\Contro...', Array)
#7 C:\xampp\htdocs\vugol\vendor\laravel\lumen-framework\src\Concerns\RoutesRequests.php(311): Laravel\Lumen\Application->make('App\\Http\\Contro...')
#8 C:\xampp\htdocs\vugol\vendor\laravel\lumen-framework\src\Concerns\RoutesRequests.php(278): Laravel\Lumen\Application->callControllerAction(Array)
#9 C:\xampp\htdocs\vugol\vendor\laravel\lumen-framework\src\Concerns\RoutesRequests.php(263): Laravel\Lumen\Application->callActionOnArrayBasedRoute(Array)
#10 C:\xampp\htdocs\vugol\vendor\laravel\lumen-framework\src\Concerns\RoutesRequests.php(165): Laravel\Lumen\Application->handleFoundRoute(Array)
#11 C:\xampp\htdocs\vugol\vendor\laravel\lumen-framework\src\Concerns\RoutesRequests.php(416): Laravel\Lumen\Application->Laravel\Lumen\Concerns\{closure}(Object(Laravel\Lumen\Http\Request))
#12 C:\xampp\htdocs\vugol\vendor\laravel\lumen-framework\src\Concerns\RoutesRequests.php(171): Laravel\Lumen\Application->sendThroughPipeline(Array, Object(Closure))
#13 C:\xampp\htdocs\vugol\vendor\laravel\lumen-framework\src\Concerns\RoutesRequests.php(108): Laravel\Lumen\Application->dispatch(NULL)
#14 C:\xampp\htdocs\vugol\public\index.php(28): Laravel\Lumen\Application->run()
#15 {main} {"exception":"[object] (ParseError(code: 0): syntax error, unexpected '$division' (T_VARIABLE) at C:\\xampp\\htdocs\\vugol\\app\\Http\\Controllers\\DivisionController.php:13)
[stacktrace]
#0 C:\\xampp\\htdocs\\vugol\\vendor\\composer\\ClassLoader.php(322): Composer\\Autoload\\includeFile('C:\\\\xampp\\\\htdocs...')
#1 [internal function]: Composer\\Autoload\\ClassLoader->loadClass('App\\\\Http\\\\Contro...')
#2 [internal function]: spl_autoload_call('App\\\\Http\\\\Contro...')
#3 C:\\xampp\\htdocs\\vugol\\vendor\\illuminate\\container\\Container.php(803): ReflectionClass->__construct('App\\\\Http\\\\Contro...')
#4 C:\\xampp\\htdocs\\vugol\\vendor\\illuminate\\container\\Container.php(681): Illuminate\\Container\\Container->build('App\\\\Http\\\\Contro...')
#5 C:\\xampp\\htdocs\\vugol\\vendor\\illuminate\\container\\Container.php(629): Illuminate\\Container\\Container->resolve('App\\\\Http\\\\Contro...', Array)
#6 C:\\xampp\\htdocs\\vugol\\vendor\\laravel\\lumen-framework\\src\\Application.php(266): Illuminate\\Container\\Container->make('App\\\\Http\\\\Contro...', Array)
#7 C:\\xampp\\htdocs\\vugol\\vendor\\laravel\\lumen-framework\\src\\Concerns\\RoutesRequests.php(311): Laravel\\Lumen\\Application->make('App\\\\Http\\\\Contro...')
#8 C:\\xampp\\htdocs\\vugol\\vendor\\laravel\\lumen-framework\\src\\Concerns\\RoutesRequests.php(278): Laravel\\Lumen\\Application->callControllerAction(Array)
#9 C:\\xampp\\htdocs\\vugol\\vendor\\laravel\\lumen-framework\\src\\Concerns\\RoutesRequests.php(263): Laravel\\Lumen\\Application->callActionOnArrayBasedRoute(Array)
#10 C:\\xampp\\htdocs\\vugol\\vendor\\laravel\\lumen-framework\\src\\Concerns\\RoutesRequests.php(165): Laravel\\Lumen\\Application->handleFoundRoute(Array)
#11 C:\\xampp\\htdocs\\vugol\\vendor\\laravel\\lumen-framework\\src\\Concerns\\RoutesRequests.php(416): Laravel\\Lumen\\Application->Laravel\\Lumen\\Concerns\\{closure}(Object(Laravel\\Lumen\\Http\\Request))
#12 C:\\xampp\\htdocs\\vugol\\vendor\\laravel\\lumen-framework\\src\\Concerns\\RoutesRequests.php(171): Laravel\\Lumen\\Application->sendThroughPipeline(Array, Object(Closure))
#13 C:\\xampp\\htdocs\\vugol\\vendor\\laravel\\lumen-framework\\src\\Concerns\\RoutesRequests.php(108): Laravel\\Lumen\\Application->dispatch(NULL)
#14 C:\\xampp\\htdocs\\vugol\\public\\index.php(28): Laravel\\Lumen\\Application->run()
#15 {main}
"} 
