[2020-03-28 15:32:44] local.ERROR: PDOException: SQLSTATE[42S22]: Column not found: 1054 Unknown column 'slug' in 'where clause' in C:\xampp\htdocs\vugol\vendor\illuminate\database\Connection.php:331
Stack trace:
#0 C:\xampp\htdocs\vugol\vendor\illuminate\database\Connection.php(331): PDO->prepare('select `id` fro...')
#1 C:\xampp\htdocs\vugol\vendor\illuminate\database\Connection.php(662): Illuminate\Database\Connection->Illuminate\Database\{closure}('select `id` fro...', Array)
#2 C:\xampp\htdocs\vugol\vendor\illuminate\database\Connection.php(629): Illuminate\Database\Connection->runQueryCallback('select `id` fro...', Array, Object(Closure))
#3 C:\xampp\htdocs\vugol\vendor\illuminate\database\Connection.php(338): Illuminate\Database\Connection->run('select `id` fro...', Array, Object(Closure))
#4 C:\xampp\htdocs\vugol\vendor\illuminate\database\Query\Builder.php(2159): Illuminate\Database\Connection->select('select `id` fro...', Array, true)
#5 C:\xampp\htdocs\vugol\vendor\illuminate\database\Query\Builder.php(2147): Illuminate\Database\Query\Builder->runSelect()
#6 C:\xampp\htdocs\vugol\vendor\illuminate\database\Query\Builder.php(2619): Illuminate\Database\Query\Builder->Illuminate\Database\Query\{closure}()
#7 C:\xampp\htdocs\vugol\vendor\illuminate\database\Query\Builder.php(2148): Illuminate\Database\Query\Builder->onceWithColumns(Array, Object(Closure))
#8 C:\xampp\htdocs\vugol\vendor\illuminate\database\Eloquent\Builder.php(539): Illuminate\Database\Query\Builder->get(Array)
#9 C:\xampp\htdocs\vugol\vendor\illuminate\database\Eloquent\Builder.php(523): Illuminate\Database\Eloquent\Builder->getModels(Array)
#10 C:\xampp\htdocs\vugol\app\Http\Controllers\DistrictController.php(36): Illuminate\Database\Eloquent\Builder->get()
#11 [internal function]: App\Http\Controllers\DistrictController->divisionWiseDistrictList('dhaka')
#12 C:\xampp\htdocs\vugol\vendor\illuminate\container\BoundMethod.php(32): call_user_func_array(Array, Array)
#13 C:\xampp\htdocs\vugol\vendor\illuminate\container\Util.php(36): Illuminate\Container\BoundMethod::Illuminate\Container\{closure}()
#14 C:\xampp\htdocs\vugol\vendor\illuminate\container\BoundMethod.php(90): Illuminate\Container\Util::unwrapIfClosure(Object(Closure))
#15 C:\xampp\htdocs\vugol\vendor\illuminate\container\BoundMethod.php(34): Illuminate\Container\BoundMethod::callBoundMethod(Object(Laravel\Lumen\Application), Array, Object(Closure))
#16 C:\xampp\htdocs\vugol\vendor\illuminate\container\Container.php(590): Illuminate\Container\BoundMethod::call(Object(Laravel\Lumen\Application), Array, Array, NULL)
#17 C:\xampp\htdocs\vugol\vendor\laravel\lumen-framework\src\Concerns\RoutesRequests.php(376): Illuminate\Container\Container->call(Array, Array)
#18 C:\xampp\htdocs\vugol\vendor\laravel\lumen-framework\src\Concerns\RoutesRequests.php(342): Laravel\Lumen\Application->callControllerCallable(Array, Array)
#19 C:\xampp\htdocs\vugol\vendor\laravel\lumen-framework\src\Concerns\RoutesRequests.php(316): Laravel\Lumen\Application->callLumenController(Object(App\Http\Controllers\DistrictController), 'divisionWiseDis...', Array)
#20 C:\xampp\htdocs\vugol\vendor\laravel\lumen-framework\src\Concerns\RoutesRequests.php(278): Laravel\Lumen\Application->callControllerAction(Array)
#21 C:\xampp\htdocs\vugol\vendor\laravel\lumen-framework\src\Concerns\RoutesRequests.php(263): Laravel\Lumen\Application->callActionOnArrayBasedRoute(Array)
#22 C:\xampp\htdocs\vugol\vendor\laravel\lumen-framework\src\Concerns\RoutesRequests.php(233): Laravel\Lumen\Application->handleFoundRoute(Array)
#23 C:\xampp\htdocs\vugol\vendor\laravel\lumen-framework\src\Concerns\RoutesRequests.php(169): Laravel\Lumen\Application->handleDispatcherResponse(Array)
#24 C:\xampp\htdocs\vugol\vendor\laravel\lumen-framework\src\Concerns\RoutesRequests.php(416): Laravel\Lumen\Application->Laravel\Lumen\Concerns\{closure}(Object(Laravel\Lumen\Http\Request))
#25 C:\xampp\htdocs\vugol\vendor\laravel\lumen-framework\src\Concerns\RoutesRequests.php(171): Laravel\Lumen\Application->sendThroughPipeline(Array, Object(Closure))
#26 C:\xampp\htdocs\vugol\vendor\laravel\lumen-framework\src\Concerns\RoutesRequests.php(108): Laravel\Lumen\Application->dispatch(NULL)
#27 C:\xampp\htdocs\vugol\public\index.php(28): Laravel\Lumen\Application->run()
#28 {main}

Next Illuminate\Database\QueryException: SQLSTATE[42S22]: Column not found: 1054 Unknown column 'slug' in 'where clause' (SQL: select `id` from `divisions` where `slug` = dhaka) in C:\xampp\htdocs\vugol\vendor\illuminate\database\Connection.php:669
Stack trace:
#0 C:\xampp\htdocs\vugol\vendor\illuminate\database\Connection.php(629): Illuminate\Database\Connection->runQueryCallback('select `id` fro...', Array, Object(Closure))
#1 C:\xampp\htdocs\vugol\vendor\illuminate\database\Connection.php(338): Illuminate\Database\Connection->run('select `id` fro...', Array, Object(Closure))
#2 C:\xampp\htdocs\vugol\vendor\illuminate\database\Query\Builder.php(2159): Illuminate\Database\Connection->select('select `id` fro...', Array, true)
#3 C:\xampp\htdocs\vugol\vendor\illuminate\database\Query\Builder.php(2147): Illuminate\Database\Query\Builder->runSelect()
#4 C:\xampp\htdocs\vugol\vendor\illuminate\database\Query\Builder.php(2619): Illuminate\Database\Query\Builder->Illuminate\Database\Query\{closure}()
#5 C:\xampp\htdocs\vugol\vendor\illuminate\database\Query\Builder.php(2148): Illuminate\Database\Query\Builder->onceWithColumns(Array, Object(Closure))
#6 C:\xampp\htdocs\vugol\vendor\illuminate\database\Eloquent\Builder.php(539): Illuminate\Database\Query\Builder->get(Array)
#7 C:\xampp\htdocs\vugol\vendor\illuminate\database\Eloquent\Builder.php(523): Illuminate\Database\Eloquent\Builder->getModels(Array)
#8 C:\xampp\htdocs\vugol\app\Http\Controllers\DistrictController.php(36): Illuminate\Database\Eloquent\Builder->get()
#9 [internal function]: App\Http\Controllers\DistrictController->divisionWiseDistrictList('dhaka')
#10 C:\xampp\htdocs\vugol\vendor\illuminate\container\BoundMethod.php(32): call_user_func_array(Array, Array)
#11 C:\xampp\htdocs\vugol\vendor\illuminate\container\Util.php(36): Illuminate\Container\BoundMethod::Illuminate\Container\{closure}()
#12 C:\xampp\htdocs\vugol\vendor\illuminate\container\BoundMethod.php(90): Illuminate\Container\Util::unwrapIfClosure(Object(Closure))
#13 C:\xampp\htdocs\vugol\vendor\illuminate\container\BoundMethod.php(34): Illuminate\Container\BoundMethod::callBoundMethod(Object(Laravel\Lumen\Application), Array, Object(Closure))
#14 C:\xampp\htdocs\vugol\vendor\illuminate\container\Container.php(590): Illuminate\Container\BoundMethod::call(Object(Laravel\Lumen\Application), Array, Array, NULL)
#15 C:\xampp\htdocs\vugol\vendor\laravel\lumen-framework\src\Concerns\RoutesRequests.php(376): Illuminate\Container\Container->call(Array, Array)
#16 C:\xampp\htdocs\vugol\vendor\laravel\lumen-framework\src\Concerns\RoutesRequests.php(342): Laravel\Lumen\Application->callControllerCallable(Array, Array)
#17 C:\xampp\htdocs\vugol\vendor\laravel\lumen-framework\src\Concerns\RoutesRequests.php(316): Laravel\Lumen\Application->callLumenController(Object(App\Http\Controllers\DistrictController), 'divisionWiseDis...', Array)
#18 C:\xampp\htdocs\vugol\vendor\laravel\lumen-framework\src\Concerns\RoutesRequests.php(278): Laravel\Lumen\Application->callControllerAction(Array)
#19 C:\xampp\htdocs\vugol\vendor\laravel\lumen-framework\src\Concerns\RoutesRequests.php(263): Laravel\Lumen\Application->callActionOnArrayBasedRoute(Array)
#20 C:\xampp\htdocs\vugol\vendor\laravel\lumen-framework\src\Concerns\RoutesRequests.php(233): Laravel\Lumen\Application->handleFoundRoute(Array)
#21 C:\xampp\htdocs\vugol\vendor\laravel\lumen-framework\src\Concerns\RoutesRequests.php(169): Laravel\Lumen\Application->handleDispatcherResponse(Array)
#22 C:\xampp\htdocs\vugol\vendor\laravel\lumen-framework\src\Concerns\RoutesRequests.php(416): Laravel\Lumen\Application->Laravel\Lumen\Concerns\{closure}(Object(Laravel\Lumen\Http\Request))
#23 C:\xampp\htdocs\vugol\vendor\laravel\lumen-framework\src\Concerns\RoutesRequests.php(171): Laravel\Lumen\Application->sendThroughPipeline(Array, Object(Closure))
#24 C:\xampp\htdocs\vugol\vendor\laravel\lumen-framework\src\Concerns\RoutesRequests.php(108): Laravel\Lumen\Application->dispatch(NULL)
#25 C:\xampp\htdocs\vugol\public\index.php(28): Laravel\Lumen\Application->run()
#26 {main} {"exception":"[object] (Illuminate\\Database\\QueryException(code: 42S22): SQLSTATE[42S22]: Column not found: 1054 Unknown column 'slug' in 'where clause' (SQL: select `id` from `divisions` where `slug` = dhaka) at C:\\xampp\\htdocs\\vugol\\vendor\\illuminate\\database\\Connection.php:669)
[stacktrace]
#0 C:\\xampp\\htdocs\\vugol\\vendor\\illuminate\\database\\Connection.php(629): Illuminate\\Database\\Connection->runQueryCallback('select `id` fro...', Array, Object(Closure))
#1 C:\\xampp\\htdocs\\vugol\\vendor\\illuminate\\database\\Connection.php(338): Illuminate\\Database\\Connection->run('select `id` fro...', Array, Object(Closure))
#2 C:\\xampp\\htdocs\\vugol\\vendor\\illuminate\\database\\Query\\Builder.php(2159): Illuminate\\Database\\Connection->select('select `id` fro...', Array, true)
#3 C:\\xampp\\htdocs\\vugol\\vendor\\illuminate\\database\\Query\\Builder.php(2147): Illuminate\\Database\\Query\\Builder->runSelect()
#4 C:\\xampp\\htdocs\\vugol\\vendor\\illuminate\\database\\Query\\Builder.php(2619): Illuminate\\Database\\Query\\Builder->Illuminate\\Database\\Query\\{closure}()
#5 C:\\xampp\\htdocs\\vugol\\vendor\\illuminate\\database\\Query\\Builder.php(2148): Illuminate\\Database\\Query\\Builder->onceWithColumns(Array, Object(Closure))
#6 C:\\xampp\\htdocs\\vugol\\vendor\\illuminate\\database\\Eloquent\\Builder.php(539): Illuminate\\Database\\Query\\Builder->get(Array)
#7 C:\\xampp\\htdocs\\vugol\\vendor\\illuminate\\database\\Eloquent\\Builder.php(523): Illuminate\\Database\\Eloquent\\Builder->getModels(Array)
#8 C:\\xampp\\htdocs\\vugol\\app\\Http\\Controllers\\DistrictController.php(36): Illuminate\\Database\\Eloquent\\Builder->get()
#9 [internal function]: App\\Http\\Controllers\\DistrictController->divisionWiseDistrictList('dhaka')
#10 C:\\xampp\\htdocs\\vugol\\vendor\\illuminate\\container\\BoundMethod.php(32): call_user_func_array(Array, Array)
#11 C:\\xampp\\htdocs\\vugol\\vendor\\illuminate\\container\\Util.php(36): Illuminate\\Container\\BoundMethod::Illuminate\\Container\\{closure}()
#12 C:\\xampp\\htdocs\\vugol\\vendor\\illuminate\\container\\BoundMethod.php(90): Illuminate\\Container\\Util::unwrapIfClosure(Object(Closure))
#13 C:\\xampp\\htdocs\\vugol\\vendor\\illuminate\\container\\BoundMethod.php(34): Illuminate\\Container\\BoundMethod::callBoundMethod(Object(Laravel\\Lumen\\Application), Array, Object(Closure))
#14 C:\\xampp\\htdocs\\vugol\\vendor\\illuminate\\container\\Container.php(590): Illuminate\\Container\\BoundMethod::call(Object(Laravel\\Lumen\\Application), Array, Array, NULL)
#15 C:\\xampp\\htdocs\\vugol\\vendor\\laravel\\lumen-framework\\src\\Concerns\\RoutesRequests.php(376): Illuminate\\Container\\Container->call(Array, Array)
#16 C:\\xampp\\htdocs\\vugol\\vendor\\laravel\\lumen-framework\\src\\Concerns\\RoutesRequests.php(342): Laravel\\Lumen\\Application->callControllerCallable(Array, Array)
#17 C:\\xampp\\htdocs\\vugol\\vendor\\laravel\\lumen-framework\\src\\Concerns\\RoutesRequests.php(316): Laravel\\Lumen\\Application->callLumenController(Object(App\\Http\\Controllers\\DistrictController), 'divisionWiseDis...', Array)
#18 C:\\xampp\\htdocs\\vugol\\vendor\\laravel\\lumen-framework\\src\\Concerns\\RoutesRequests.php(278): Laravel\\Lumen\\Application->callControllerAction(Array)
#19 C:\\xampp\\htdocs\\vugol\\vendor\\laravel\\lumen-framework\\src\\Concerns\\RoutesRequests.php(263): Laravel\\Lumen\\Application->callActionOnArrayBasedRoute(Array)
#20 C:\\xampp\\htdocs\\vugol\\vendor\\laravel\\lumen-framework\\src\\Concerns\\RoutesRequests.php(233): Laravel\\Lumen\\Application->handleFoundRoute(Array)
#21 C:\\xampp\\htdocs\\vugol\\vendor\\laravel\\lumen-framework\\src\\Concerns\\RoutesRequests.php(169): Laravel\\Lumen\\Application->handleDispatcherResponse(Array)
#22 C:\\xampp\\htdocs\\vugol\\vendor\\laravel\\lumen-framework\\src\\Concerns\\RoutesRequests.php(416): Laravel\\Lumen\\Application->Laravel\\Lumen\\Concerns\\{closure}(Object(Laravel\\Lumen\\Http\\Request))
#23 C:\\xampp\\htdocs\\vugol\\vendor\\laravel\\lumen-framework\\src\\Concerns\\RoutesRequests.php(171): Laravel\\Lumen\\Application->sendThroughPipeline(Array, Object(Closure))
#24 C:\\xampp\\htdocs\\vugol\\vendor\\laravel\\lumen-framework\\src\\Concerns\\RoutesRequests.php(108): Laravel\\Lumen\\Application->dispatch(NULL)
#25 C:\\xampp\\htdocs\\vugol\\public\\index.php(28): Laravel\\Lumen\\Application->run()
#26 {main}

[previous exception] [object] (PDOException(code: 42S22): SQLSTATE[42S22]: Column not found: 1054 Unknown column 'slug' in 'where clause' at C:\\xampp\\htdocs\\vugol\\vendor\\illuminate\\database\\Connection.php:331)
[stacktrace]
#0 C:\\xampp\\htdocs\\vugol\\vendor\\illuminate\\database\\Connection.php(331): PDO->prepare('select `id` fro...')
#1 C:\\xampp\\htdocs\\vugol\\vendor\\illuminate\\database\\Connection.php(662): Illuminate\\Database\\Connection->Illuminate\\Database\\{closure}('select `id` fro...', Array)
#2 C:\\xampp\\htdocs\\vugol\\vendor\\illuminate\\database\\Connection.php(629): Illuminate\\Database\\Connection->runQueryCallback('select `id` fro...', Array, Object(Closure))
#3 C:\\xampp\\htdocs\\vugol\\vendor\\illuminate\\database\\Connection.php(338): Illuminate\\Database\\Connection->run('select `id` fro...', Array, Object(Closure))
#4 C:\\xampp\\htdocs\\vugol\\vendor\\illuminate\\database\\Query\\Builder.php(2159): Illuminate\\Database\\Connection->select('select `id` fro...', Array, true)
#5 C:\\xampp\\htdocs\\vugol\\vendor\\illuminate\\database\\Query\\Builder.php(2147): Illuminate\\Database\\Query\\Builder->runSelect()
#6 C:\\xampp\\htdocs\\vugol\\vendor\\illuminate\\database\\Query\\Builder.php(2619): Illuminate\\Database\\Query\\Builder->Illuminate\\Database\\Query\\{closure}()
#7 C:\\xampp\\htdocs\\vugol\\vendor\\illuminate\\database\\Query\\Builder.php(2148): Illuminate\\Database\\Query\\Builder->onceWithColumns(Array, Object(Closure))
#8 C:\\xampp\\htdocs\\vugol\\vendor\\illuminate\\database\\Eloquent\\Builder.php(539): Illuminate\\Database\\Query\\Builder->get(Array)
#9 C:\\xampp\\htdocs\\vugol\\vendor\\illuminate\\database\\Eloquent\\Builder.php(523): Illuminate\\Database\\Eloquent\\Builder->getModels(Array)
#10 C:\\xampp\\htdocs\\vugol\\app\\Http\\Controllers\\DistrictController.php(36): Illuminate\\Database\\Eloquent\\Builder->get()
#11 [internal function]: App\\Http\\Controllers\\DistrictController->divisionWiseDistrictList('dhaka')
#12 C:\\xampp\\htdocs\\vugol\\vendor\\illuminate\\container\\BoundMethod.php(32): call_user_func_array(Array, Array)
#13 C:\\xampp\\htdocs\\vugol\\vendor\\illuminate\\container\\Util.php(36): Illuminate\\Container\\BoundMethod::Illuminate\\Container\\{closure}()
#14 C:\\xampp\\htdocs\\vugol\\vendor\\illuminate\\container\\BoundMethod.php(90): Illuminate\\Container\\Util::unwrapIfClosure(Object(Closure))
#15 C:\\xampp\\htdocs\\vugol\\vendor\\illuminate\\container\\BoundMethod.php(34): Illuminate\\Container\\BoundMethod::callBoundMethod(Object(Laravel\\Lumen\\Application), Array, Object(Closure))
#16 C:\\xampp\\htdocs\\vugol\\vendor\\illuminate\\container\\Container.php(590): Illuminate\\Container\\BoundMethod::call(Object(Laravel\\Lumen\\Application), Array, Array, NULL)
#17 C:\\xampp\\htdocs\\vugol\\vendor\\laravel\\lumen-framework\\src\\Concerns\\RoutesRequests.php(376): Illuminate\\Container\\Container->call(Array, Array)
#18 C:\\xampp\\htdocs\\vugol\\vendor\\laravel\\lumen-framework\\src\\Concerns\\RoutesRequests.php(342): Laravel\\Lumen\\Application->callControllerCallable(Array, Array)
#19 C:\\xampp\\htdocs\\vugol\\vendor\\laravel\\lumen-framework\\src\\Concerns\\RoutesRequests.php(316): Laravel\\Lumen\\Application->callLumenController(Object(App\\Http\\Controllers\\DistrictController), 'divisionWiseDis...', Array)
#20 C:\\xampp\\htdocs\\vugol\\vendor\\laravel\\lumen-framework\\src\\Concerns\\RoutesRequests.php(278): Laravel\\Lumen\\Application->callControllerAction(Array)
#21 C:\\xampp\\htdocs\\vugol\\vendor\\laravel\\lumen-framework\\src\\Concerns\\RoutesRequests.php(263): Laravel\\Lumen\\Application->callActionOnArrayBasedRoute(Array)
#22 C:\\xampp\\htdocs\\vugol\\vendor\\laravel\\lumen-framework\\src\\Concerns\\RoutesRequests.php(233): Laravel\\Lumen\\Application->handleFoundRoute(Array)
#23 C:\\xampp\\htdocs\\vugol\\vendor\\laravel\\lumen-framework\\src\\Concerns\\RoutesRequests.php(169): Laravel\\Lumen\\Application->handleDispatcherResponse(Array)
#24 C:\\xampp\\htdocs\\vugol\\vendor\\laravel\\lumen-framework\\src\\Concerns\\RoutesRequests.php(416): Laravel\\Lumen\\Application->Laravel\\Lumen\\Concerns\\{closure}(Object(Laravel\\Lumen\\Http\\Request))
#25 C:\\xampp\\htdocs\\vugol\\vendor\\laravel\\lumen-framework\\src\\Concerns\\RoutesRequests.php(171): Laravel\\Lumen\\Application->sendThroughPipeline(Array, Object(Closure))
#26 C:\\xampp\\htdocs\\vugol\\vendor\\laravel\\lumen-framework\\src\\Concerns\\RoutesRequests.php(108): Laravel\\Lumen\\Application->dispatch(NULL)
#27 C:\\xampp\\htdocs\\vugol\\public\\index.php(28): Laravel\\Lumen\\Application->run()
#28 {main}
"} 
[2020-03-28 15:36:08] local.ERROR: Exception: Property [id] does not exist on this collection instance. in C:\xampp\htdocs\vugol\vendor\illuminate\support\Traits\EnumeratesValues.php:816
Stack trace:
#0 C:\xampp\htdocs\vugol\app\Http\Controllers\DistrictController.php(37): Illuminate\Support\Collection->__get('id')
#1 [internal function]: App\Http\Controllers\DistrictController->divisionWiseDistrictList('dhaka')
#2 C:\xampp\htdocs\vugol\vendor\illuminate\container\BoundMethod.php(32): call_user_func_array(Array, Array)
#3 C:\xampp\htdocs\vugol\vendor\illuminate\container\Util.php(36): Illuminate\Container\BoundMethod::Illuminate\Container\{closure}()
#4 C:\xampp\htdocs\vugol\vendor\illuminate\container\BoundMethod.php(90): Illuminate\Container\Util::unwrapIfClosure(Object(Closure))
#5 C:\xampp\htdocs\vugol\vendor\illuminate\container\BoundMethod.php(34): Illuminate\Container\BoundMethod::callBoundMethod(Object(Laravel\Lumen\Application), Array, Object(Closure))
#6 C:\xampp\htdocs\vugol\vendor\illuminate\container\Container.php(590): Illuminate\Container\BoundMethod::call(Object(Laravel\Lumen\Application), Array, Array, NULL)
#7 C:\xampp\htdocs\vugol\vendor\laravel\lumen-framework\src\Concerns\RoutesRequests.php(376): Illuminate\Container\Container->call(Array, Array)
#8 C:\xampp\htdocs\vugol\vendor\laravel\lumen-framework\src\Concerns\RoutesRequests.php(342): Laravel\Lumen\Application->callControllerCallable(Array, Array)
#9 C:\xampp\htdocs\vugol\vendor\laravel\lumen-framework\src\Concerns\RoutesRequests.php(316): Laravel\Lumen\Application->callLumenController(Object(App\Http\Controllers\DistrictController), 'divisionWiseDis...', Array)
#10 C:\xampp\htdocs\vugol\vendor\laravel\lumen-framework\src\Concerns\RoutesRequests.php(278): Laravel\Lumen\Application->callControllerAction(Array)
#11 C:\xampp\htdocs\vugol\vendor\laravel\lumen-framework\src\Concerns\RoutesRequests.php(263): Laravel\Lumen\Application->callActionOnArrayBasedRoute(Array)
#12 C:\xampp\htdocs\vugol\vendor\laravel\lumen-framework\src\Concerns\RoutesRequests.php(233): Laravel\Lumen\Application->handleFoundRoute(Array)
#13 C:\xampp\htdocs\vugol\vendor\laravel\lumen-framework\src\Concerns\RoutesRequests.php(169): Laravel\Lumen\Application->handleDispatcherResponse(Array)
#14 C:\xampp\htdocs\vugol\vendor\laravel\lumen-framework\src\Concerns\RoutesRequests.php(416): Laravel\Lumen\Application->Laravel\Lumen\Concerns\{closure}(Object(Laravel\Lumen\Http\Request))
#15 C:\xampp\htdocs\vugol\vendor\laravel\lumen-framework\src\Concerns\RoutesRequests.php(171): Laravel\Lumen\Application->sendThroughPipeline(Array, Object(Closure))
#16 C:\xampp\htdocs\vugol\vendor\laravel\lumen-framework\src\Concerns\RoutesRequests.php(108): Laravel\Lumen\Application->dispatch(NULL)
#17 C:\xampp\htdocs\vugol\public\index.php(28): Laravel\Lumen\Application->run()
#18 {main} {"exception":"[object] (Exception(code: 0): Property [id] does not exist on this collection instance. at C:\\xampp\\htdocs\\vugol\\vendor\\illuminate\\support\\Traits\\EnumeratesValues.php:816)
[stacktrace]
#0 C:\\xampp\\htdocs\\vugol\\app\\Http\\Controllers\\DistrictController.php(37): Illuminate\\Support\\Collection->__get('id')
#1 [internal function]: App\\Http\\Controllers\\DistrictController->divisionWiseDistrictList('dhaka')
#2 C:\\xampp\\htdocs\\vugol\\vendor\\illuminate\\container\\BoundMethod.php(32): call_user_func_array(Array, Array)
#3 C:\\xampp\\htdocs\\vugol\\vendor\\illuminate\\container\\Util.php(36): Illuminate\\Container\\BoundMethod::Illuminate\\Container\\{closure}()
#4 C:\\xampp\\htdocs\\vugol\\vendor\\illuminate\\container\\BoundMethod.php(90): Illuminate\\Container\\Util::unwrapIfClosure(Object(Closure))
#5 C:\\xampp\\htdocs\\vugol\\vendor\\illuminate\\container\\BoundMethod.php(34): Illuminate\\Container\\BoundMethod::callBoundMethod(Object(Laravel\\Lumen\\Application), Array, Object(Closure))
#6 C:\\xampp\\htdocs\\vugol\\vendor\\illuminate\\container\\Container.php(590): Illuminate\\Container\\BoundMethod::call(Object(Laravel\\Lumen\\Application), Array, Array, NULL)
#7 C:\\xampp\\htdocs\\vugol\\vendor\\laravel\\lumen-framework\\src\\Concerns\\RoutesRequests.php(376): Illuminate\\Container\\Container->call(Array, Array)
#8 C:\\xampp\\htdocs\\vugol\\vendor\\laravel\\lumen-framework\\src\\Concerns\\RoutesRequests.php(342): Laravel\\Lumen\\Application->callControllerCallable(Array, Array)
#9 C:\\xampp\\htdocs\\vugol\\vendor\\laravel\\lumen-framework\\src\\Concerns\\RoutesRequests.php(316): Laravel\\Lumen\\Application->callLumenController(Object(App\\Http\\Controllers\\DistrictController), 'divisionWiseDis...', Array)
#10 C:\\xampp\\htdocs\\vugol\\vendor\\laravel\\lumen-framework\\src\\Concerns\\RoutesRequests.php(278): Laravel\\Lumen\\Application->callControllerAction(Array)
#11 C:\\xampp\\htdocs\\vugol\\vendor\\laravel\\lumen-framework\\src\\Concerns\\RoutesRequests.php(263): Laravel\\Lumen\\Application->callActionOnArrayBasedRoute(Array)
#12 C:\\xampp\\htdocs\\vugol\\vendor\\laravel\\lumen-framework\\src\\Concerns\\RoutesRequests.php(233): Laravel\\Lumen\\Application->handleFoundRoute(Array)
#13 C:\\xampp\\htdocs\\vugol\\vendor\\laravel\\lumen-framework\\src\\Concerns\\RoutesRequests.php(169): Laravel\\Lumen\\Application->handleDispatcherResponse(Array)
#14 C:\\xampp\\htdocs\\vugol\\vendor\\laravel\\lumen-framework\\src\\Concerns\\RoutesRequests.php(416): Laravel\\Lumen\\Application->Laravel\\Lumen\\Concerns\\{closure}(Object(Laravel\\Lumen\\Http\\Request))
#15 C:\\xampp\\htdocs\\vugol\\vendor\\laravel\\lumen-framework\\src\\Concerns\\RoutesRequests.php(171): Laravel\\Lumen\\Application->sendThroughPipeline(Array, Object(Closure))
#16 C:\\xampp\\htdocs\\vugol\\vendor\\laravel\\lumen-framework\\src\\Concerns\\RoutesRequests.php(108): Laravel\\Lumen\\Application->dispatch(NULL)
#17 C:\\xampp\\htdocs\\vugol\\public\\index.php(28): Laravel\\Lumen\\Application->run()
#18 {main}
"} 
[2020-03-28 15:36:09] local.ERROR: Exception: Property [id] does not exist on this collection instance. in C:\xampp\htdocs\vugol\vendor\illuminate\support\Traits\EnumeratesValues.php:816
Stack trace:
#0 C:\xampp\htdocs\vugol\app\Http\Controllers\DistrictController.php(37): Illuminate\Support\Collection->__get('id')
#1 [internal function]: App\Http\Controllers\DistrictController->divisionWiseDistrictList('dhaka')
#2 C:\xampp\htdocs\vugol\vendor\illuminate\container\BoundMethod.php(32): call_user_func_array(Array, Array)
#3 C:\xampp\htdocs\vugol\vendor\illuminate\container\Util.php(36): Illuminate\Container\BoundMethod::Illuminate\Container\{closure}()
#4 C:\xampp\htdocs\vugol\vendor\illuminate\container\BoundMethod.php(90): Illuminate\Container\Util::unwrapIfClosure(Object(Closure))
#5 C:\xampp\htdocs\vugol\vendor\illuminate\container\BoundMethod.php(34): Illuminate\Container\BoundMethod::callBoundMethod(Object(Laravel\Lumen\Application), Array, Object(Closure))
#6 C:\xampp\htdocs\vugol\vendor\illuminate\container\Container.php(590): Illuminate\Container\BoundMethod::call(Object(Laravel\Lumen\Application), Array, Array, NULL)
#7 C:\xampp\htdocs\vugol\vendor\laravel\lumen-framework\src\Concerns\RoutesRequests.php(376): Illuminate\Container\Container->call(Array, Array)
#8 C:\xampp\htdocs\vugol\vendor\laravel\lumen-framework\src\Concerns\RoutesRequests.php(342): Laravel\Lumen\Application->callControllerCallable(Array, Array)
#9 C:\xampp\htdocs\vugol\vendor\laravel\lumen-framework\src\Concerns\RoutesRequests.php(316): Laravel\Lumen\Application->callLumenController(Object(App\Http\Controllers\DistrictController), 'divisionWiseDis...', Array)
#10 C:\xampp\htdocs\vugol\vendor\laravel\lumen-framework\src\Concerns\RoutesRequests.php(278): Laravel\Lumen\Application->callControllerAction(Array)
#11 C:\xampp\htdocs\vugol\vendor\laravel\lumen-framework\src\Concerns\RoutesRequests.php(263): Laravel\Lumen\Application->callActionOnArrayBasedRoute(Array)
#12 C:\xampp\htdocs\vugol\vendor\laravel\lumen-framework\src\Concerns\RoutesRequests.php(233): Laravel\Lumen\Application->handleFoundRoute(Array)
#13 C:\xampp\htdocs\vugol\vendor\laravel\lumen-framework\src\Concerns\RoutesRequests.php(169): Laravel\Lumen\Application->handleDispatcherResponse(Array)
#14 C:\xampp\htdocs\vugol\vendor\laravel\lumen-framework\src\Concerns\RoutesRequests.php(416): Laravel\Lumen\Application->Laravel\Lumen\Concerns\{closure}(Object(Laravel\Lumen\Http\Request))
#15 C:\xampp\htdocs\vugol\vendor\laravel\lumen-framework\src\Concerns\RoutesRequests.php(171): Laravel\Lumen\Application->sendThroughPipeline(Array, Object(Closure))
#16 C:\xampp\htdocs\vugol\vendor\laravel\lumen-framework\src\Concerns\RoutesRequests.php(108): Laravel\Lumen\Application->dispatch(NULL)
#17 C:\xampp\htdocs\vugol\public\index.php(28): Laravel\Lumen\Application->run()
#18 {main} {"exception":"[object] (Exception(code: 0): Property [id] does not exist on this collection instance. at C:\\xampp\\htdocs\\vugol\\vendor\\illuminate\\support\\Traits\\EnumeratesValues.php:816)
[stacktrace]
#0 C:\\xampp\\htdocs\\vugol\\app\\Http\\Controllers\\DistrictController.php(37): Illuminate\\Support\\Collection->__get('id')
#1 [internal function]: App\\Http\\Controllers\\DistrictController->divisionWiseDistrictList('dhaka')
#2 C:\\xampp\\htdocs\\vugol\\vendor\\illuminate\\container\\BoundMethod.php(32): call_user_func_array(Array, Array)
#3 C:\\xampp\\htdocs\\vugol\\vendor\\illuminate\\container\\Util.php(36): Illuminate\\Container\\BoundMethod::Illuminate\\Container\\{closure}()
#4 C:\\xampp\\htdocs\\vugol\\vendor\\illuminate\\container\\BoundMethod.php(90): Illuminate\\Container\\Util::unwrapIfClosure(Object(Closure))
#5 C:\\xampp\\htdocs\\vugol\\vendor\\illuminate\\container\\BoundMethod.php(34): Illuminate\\Container\\BoundMethod::callBoundMethod(Object(Laravel\\Lumen\\Application), Array, Object(Closure))
#6 C:\\xampp\\htdocs\\vugol\\vendor\\illuminate\\container\\Container.php(590): Illuminate\\Container\\BoundMethod::call(Object(Laravel\\Lumen\\Application), Array, Array, NULL)
#7 C:\\xampp\\htdocs\\vugol\\vendor\\laravel\\lumen-framework\\src\\Concerns\\RoutesRequests.php(376): Illuminate\\Container\\Container->call(Array, Array)
#8 C:\\xampp\\htdocs\\vugol\\vendor\\laravel\\lumen-framework\\src\\Concerns\\RoutesRequests.php(342): Laravel\\Lumen\\Application->callControllerCallable(Array, Array)
#9 C:\\xampp\\htdocs\\vugol\\vendor\\laravel\\lumen-framework\\src\\Concerns\\RoutesRequests.php(316): Laravel\\Lumen\\Application->callLumenController(Object(App\\Http\\Controllers\\DistrictController), 'divisionWiseDis...', Array)
#10 C:\\xampp\\htdocs\\vugol\\vendor\\laravel\\lumen-framework\\src\\Concerns\\RoutesRequests.php(278): Laravel\\Lumen\\Application->callControllerAction(Array)
#11 C:\\xampp\\htdocs\\vugol\\vendor\\laravel\\lumen-framework\\src\\Concerns\\RoutesRequests.php(263): Laravel\\Lumen\\Application->callActionOnArrayBasedRoute(Array)
#12 C:\\xampp\\htdocs\\vugol\\vendor\\laravel\\lumen-framework\\src\\Concerns\\RoutesRequests.php(233): Laravel\\Lumen\\Application->handleFoundRoute(Array)
#13 C:\\xampp\\htdocs\\vugol\\vendor\\laravel\\lumen-framework\\src\\Concerns\\RoutesRequests.php(169): Laravel\\Lumen\\Application->handleDispatcherResponse(Array)
#14 C:\\xampp\\htdocs\\vugol\\vendor\\laravel\\lumen-framework\\src\\Concerns\\RoutesRequests.php(416): Laravel\\Lumen\\Application->Laravel\\Lumen\\Concerns\\{closure}(Object(Laravel\\Lumen\\Http\\Request))
#15 C:\\xampp\\htdocs\\vugol\\vendor\\laravel\\lumen-framework\\src\\Concerns\\RoutesRequests.php(171): Laravel\\Lumen\\Application->sendThroughPipeline(Array, Object(Closure))
#16 C:\\xampp\\htdocs\\vugol\\vendor\\laravel\\lumen-framework\\src\\Concerns\\RoutesRequests.php(108): Laravel\\Lumen\\Application->dispatch(NULL)
#17 C:\\xampp\\htdocs\\vugol\\public\\index.php(28): Laravel\\Lumen\\Application->run()
#18 {main}
"} 
[2020-03-28 15:37:37] local.ERROR: ErrorException: Trying to get property 'id' of non-object in C:\xampp\htdocs\vugol\app\Http\Controllers\DistrictController.php:37
Stack trace:
#0 C:\xampp\htdocs\vugol\app\Http\Controllers\DistrictController.php(37): Laravel\Lumen\Application->Laravel\Lumen\Concerns\{closure}(8, 'Trying to get p...', 'C:\\xampp\\htdocs...', 37, Array)
#1 [internal function]: App\Http\Controllers\DistrictController->divisionWiseDistrictList('dhaka')
#2 C:\xampp\htdocs\vugol\vendor\illuminate\container\BoundMethod.php(32): call_user_func_array(Array, Array)
#3 C:\xampp\htdocs\vugol\vendor\illuminate\container\Util.php(36): Illuminate\Container\BoundMethod::Illuminate\Container\{closure}()
#4 C:\xampp\htdocs\vugol\vendor\illuminate\container\BoundMethod.php(90): Illuminate\Container\Util::unwrapIfClosure(Object(Closure))
#5 C:\xampp\htdocs\vugol\vendor\illuminate\container\BoundMethod.php(34): Illuminate\Container\BoundMethod::callBoundMethod(Object(Laravel\Lumen\Application), Array, Object(Closure))
#6 C:\xampp\htdocs\vugol\vendor\illuminate\container\Container.php(590): Illuminate\Container\BoundMethod::call(Object(Laravel\Lumen\Application), Array, Array, NULL)
#7 C:\xampp\htdocs\vugol\vendor\laravel\lumen-framework\src\Concerns\RoutesRequests.php(376): Illuminate\Container\Container->call(Array, Array)
#8 C:\xampp\htdocs\vugol\vendor\laravel\lumen-framework\src\Concerns\RoutesRequests.php(342): Laravel\Lumen\Application->callControllerCallable(Array, Array)
#9 C:\xampp\htdocs\vugol\vendor\laravel\lumen-framework\src\Concerns\RoutesRequests.php(316): Laravel\Lumen\Application->callLumenController(Object(App\Http\Controllers\DistrictController), 'divisionWiseDis...', Array)
#10 C:\xampp\htdocs\vugol\vendor\laravel\lumen-framework\src\Concerns\RoutesRequests.php(278): Laravel\Lumen\Application->callControllerAction(Array)
#11 C:\xampp\htdocs\vugol\vendor\laravel\lumen-framework\src\Concerns\RoutesRequests.php(263): Laravel\Lumen\Application->callActionOnArrayBasedRoute(Array)
#12 C:\xampp\htdocs\vugol\vendor\laravel\lumen-framework\src\Concerns\RoutesRequests.php(233): Laravel\Lumen\Application->handleFoundRoute(Array)
#13 C:\xampp\htdocs\vugol\vendor\laravel\lumen-framework\src\Concerns\RoutesRequests.php(169): Laravel\Lumen\Application->handleDispatcherResponse(Array)
#14 C:\xampp\htdocs\vugol\vendor\laravel\lumen-framework\src\Concerns\RoutesRequests.php(416): Laravel\Lumen\Application->Laravel\Lumen\Concerns\{closure}(Object(Laravel\Lumen\Http\Request))
#15 C:\xampp\htdocs\vugol\vendor\laravel\lumen-framework\src\Concerns\RoutesRequests.php(171): Laravel\Lumen\Application->sendThroughPipeline(Array, Object(Closure))
#16 C:\xampp\htdocs\vugol\vendor\laravel\lumen-framework\src\Concerns\RoutesRequests.php(108): Laravel\Lumen\Application->dispatch(NULL)
#17 C:\xampp\htdocs\vugol\public\index.php(28): Laravel\Lumen\Application->run()
#18 {main} {"exception":"[object] (ErrorException(code: 0): Trying to get property 'id' of non-object at C:\\xampp\\htdocs\\vugol\\app\\Http\\Controllers\\DistrictController.php:37)
[stacktrace]
#0 C:\\xampp\\htdocs\\vugol\\app\\Http\\Controllers\\DistrictController.php(37): Laravel\\Lumen\\Application->Laravel\\Lumen\\Concerns\\{closure}(8, 'Trying to get p...', 'C:\\\\xampp\\\\htdocs...', 37, Array)
#1 [internal function]: App\\Http\\Controllers\\DistrictController->divisionWiseDistrictList('dhaka')
#2 C:\\xampp\\htdocs\\vugol\\vendor\\illuminate\\container\\BoundMethod.php(32): call_user_func_array(Array, Array)
#3 C:\\xampp\\htdocs\\vugol\\vendor\\illuminate\\container\\Util.php(36): Illuminate\\Container\\BoundMethod::Illuminate\\Container\\{closure}()
#4 C:\\xampp\\htdocs\\vugol\\vendor\\illuminate\\container\\BoundMethod.php(90): Illuminate\\Container\\Util::unwrapIfClosure(Object(Closure))
#5 C:\\xampp\\htdocs\\vugol\\vendor\\illuminate\\container\\BoundMethod.php(34): Illuminate\\Container\\BoundMethod::callBoundMethod(Object(Laravel\\Lumen\\Application), Array, Object(Closure))
#6 C:\\xampp\\htdocs\\vugol\\vendor\\illuminate\\container\\Container.php(590): Illuminate\\Container\\BoundMethod::call(Object(Laravel\\Lumen\\Application), Array, Array, NULL)
#7 C:\\xampp\\htdocs\\vugol\\vendor\\laravel\\lumen-framework\\src\\Concerns\\RoutesRequests.php(376): Illuminate\\Container\\Container->call(Array, Array)
#8 C:\\xampp\\htdocs\\vugol\\vendor\\laravel\\lumen-framework\\src\\Concerns\\RoutesRequests.php(342): Laravel\\Lumen\\Application->callControllerCallable(Array, Array)
#9 C:\\xampp\\htdocs\\vugol\\vendor\\laravel\\lumen-framework\\src\\Concerns\\RoutesRequests.php(316): Laravel\\Lumen\\Application->callLumenController(Object(App\\Http\\Controllers\\DistrictController), 'divisionWiseDis...', Array)
#10 C:\\xampp\\htdocs\\vugol\\vendor\\laravel\\lumen-framework\\src\\Concerns\\RoutesRequests.php(278): Laravel\\Lumen\\Application->callControllerAction(Array)
#11 C:\\xampp\\htdocs\\vugol\\vendor\\laravel\\lumen-framework\\src\\Concerns\\RoutesRequests.php(263): Laravel\\Lumen\\Application->callActionOnArrayBasedRoute(Array)
#12 C:\\xampp\\htdocs\\vugol\\vendor\\laravel\\lumen-framework\\src\\Concerns\\RoutesRequests.php(233): Laravel\\Lumen\\Application->handleFoundRoute(Array)
#13 C:\\xampp\\htdocs\\vugol\\vendor\\laravel\\lumen-framework\\src\\Concerns\\RoutesRequests.php(169): Laravel\\Lumen\\Application->handleDispatcherResponse(Array)
#14 C:\\xampp\\htdocs\\vugol\\vendor\\laravel\\lumen-framework\\src\\Concerns\\RoutesRequests.php(416): Laravel\\Lumen\\Application->Laravel\\Lumen\\Concerns\\{closure}(Object(Laravel\\Lumen\\Http\\Request))
#15 C:\\xampp\\htdocs\\vugol\\vendor\\laravel\\lumen-framework\\src\\Concerns\\RoutesRequests.php(171): Laravel\\Lumen\\Application->sendThroughPipeline(Array, Object(Closure))
#16 C:\\xampp\\htdocs\\vugol\\vendor\\laravel\\lumen-framework\\src\\Concerns\\RoutesRequests.php(108): Laravel\\Lumen\\Application->dispatch(NULL)
#17 C:\\xampp\\htdocs\\vugol\\public\\index.php(28): Laravel\\Lumen\\Application->run()
#18 {main}
"} 
[2020-03-28 15:38:08] local.ERROR: ErrorException: Trying to get property 'id' of non-object in C:\xampp\htdocs\vugol\app\Http\Controllers\DistrictController.php:37
Stack trace:
#0 C:\xampp\htdocs\vugol\app\Http\Controllers\DistrictController.php(37): Laravel\Lumen\Application->Laravel\Lumen\Concerns\{closure}(8, 'Trying to get p...', 'C:\\xampp\\htdocs...', 37, Array)
#1 [internal function]: App\Http\Controllers\DistrictController->divisionWiseDistrictList('dhaka')
#2 C:\xampp\htdocs\vugol\vendor\illuminate\container\BoundMethod.php(32): call_user_func_array(Array, Array)
#3 C:\xampp\htdocs\vugol\vendor\illuminate\container\Util.php(36): Illuminate\Container\BoundMethod::Illuminate\Container\{closure}()
#4 C:\xampp\htdocs\vugol\vendor\illuminate\container\BoundMethod.php(90): Illuminate\Container\Util::unwrapIfClosure(Object(Closure))
#5 C:\xampp\htdocs\vugol\vendor\illuminate\container\BoundMethod.php(34): Illuminate\Container\BoundMethod::callBoundMethod(Object(Laravel\Lumen\Application), Array, Object(Closure))
#6 C:\xampp\htdocs\vugol\vendor\illuminate\container\Container.php(590): Illuminate\Container\BoundMethod::call(Object(Laravel\Lumen\Application), Array, Array, NULL)
#7 C:\xampp\htdocs\vugol\vendor\laravel\lumen-framework\src\Concerns\RoutesRequests.php(376): Illuminate\Container\Container->call(Array, Array)
#8 C:\xampp\htdocs\vugol\vendor\laravel\lumen-framework\src\Concerns\RoutesRequests.php(342): Laravel\Lumen\Application->callControllerCallable(Array, Array)
#9 C:\xampp\htdocs\vugol\vendor\laravel\lumen-framework\src\Concerns\RoutesRequests.php(316): Laravel\Lumen\Application->callLumenController(Object(App\Http\Controllers\DistrictController), 'divisionWiseDis...', Array)
#10 C:\xampp\htdocs\vugol\vendor\laravel\lumen-framework\src\Concerns\RoutesRequests.php(278): Laravel\Lumen\Application->callControllerAction(Array)
#11 C:\xampp\htdocs\vugol\vendor\laravel\lumen-framework\src\Concerns\RoutesRequests.php(263): Laravel\Lumen\Application->callActionOnArrayBasedRoute(Array)
#12 C:\xampp\htdocs\vugol\vendor\laravel\lumen-framework\src\Concerns\RoutesRequests.php(233): Laravel\Lumen\Application->handleFoundRoute(Array)
#13 C:\xampp\htdocs\vugol\vendor\laravel\lumen-framework\src\Concerns\RoutesRequests.php(169): Laravel\Lumen\Application->handleDispatcherResponse(Array)
#14 C:\xampp\htdocs\vugol\vendor\laravel\lumen-framework\src\Concerns\RoutesRequests.php(416): Laravel\Lumen\Application->Laravel\Lumen\Concerns\{closure}(Object(Laravel\Lumen\Http\Request))
#15 C:\xampp\htdocs\vugol\vendor\laravel\lumen-framework\src\Concerns\RoutesRequests.php(171): Laravel\Lumen\Application->sendThroughPipeline(Array, Object(Closure))
#16 C:\xampp\htdocs\vugol\vendor\laravel\lumen-framework\src\Concerns\RoutesRequests.php(108): Laravel\Lumen\Application->dispatch(NULL)
#17 C:\xampp\htdocs\vugol\public\index.php(28): Laravel\Lumen\Application->run()
#18 {main} {"exception":"[object] (ErrorException(code: 0): Trying to get property 'id' of non-object at C:\\xampp\\htdocs\\vugol\\app\\Http\\Controllers\\DistrictController.php:37)
[stacktrace]
#0 C:\\xampp\\htdocs\\vugol\\app\\Http\\Controllers\\DistrictController.php(37): Laravel\\Lumen\\Application->Laravel\\Lumen\\Concerns\\{closure}(8, 'Trying to get p...', 'C:\\\\xampp\\\\htdocs...', 37, Array)
#1 [internal function]: App\\Http\\Controllers\\DistrictController->divisionWiseDistrictList('dhaka')
#2 C:\\xampp\\htdocs\\vugol\\vendor\\illuminate\\container\\BoundMethod.php(32): call_user_func_array(Array, Array)
#3 C:\\xampp\\htdocs\\vugol\\vendor\\illuminate\\container\\Util.php(36): Illuminate\\Container\\BoundMethod::Illuminate\\Container\\{closure}()
#4 C:\\xampp\\htdocs\\vugol\\vendor\\illuminate\\container\\BoundMethod.php(90): Illuminate\\Container\\Util::unwrapIfClosure(Object(Closure))
#5 C:\\xampp\\htdocs\\vugol\\vendor\\illuminate\\container\\BoundMethod.php(34): Illuminate\\Container\\BoundMethod::callBoundMethod(Object(Laravel\\Lumen\\Application), Array, Object(Closure))
#6 C:\\xampp\\htdocs\\vugol\\vendor\\illuminate\\container\\Container.php(590): Illuminate\\Container\\BoundMethod::call(Object(Laravel\\Lumen\\Application), Array, Array, NULL)
#7 C:\\xampp\\htdocs\\vugol\\vendor\\laravel\\lumen-framework\\src\\Concerns\\RoutesRequests.php(376): Illuminate\\Container\\Container->call(Array, Array)
#8 C:\\xampp\\htdocs\\vugol\\vendor\\laravel\\lumen-framework\\src\\Concerns\\RoutesRequests.php(342): Laravel\\Lumen\\Application->callControllerCallable(Array, Array)
#9 C:\\xampp\\htdocs\\vugol\\vendor\\laravel\\lumen-framework\\src\\Concerns\\RoutesRequests.php(316): Laravel\\Lumen\\Application->callLumenController(Object(App\\Http\\Controllers\\DistrictController), 'divisionWiseDis...', Array)
#10 C:\\xampp\\htdocs\\vugol\\vendor\\laravel\\lumen-framework\\src\\Concerns\\RoutesRequests.php(278): Laravel\\Lumen\\Application->callControllerAction(Array)
#11 C:\\xampp\\htdocs\\vugol\\vendor\\laravel\\lumen-framework\\src\\Concerns\\RoutesRequests.php(263): Laravel\\Lumen\\Application->callActionOnArrayBasedRoute(Array)
#12 C:\\xampp\\htdocs\\vugol\\vendor\\laravel\\lumen-framework\\src\\Concerns\\RoutesRequests.php(233): Laravel\\Lumen\\Application->handleFoundRoute(Array)
#13 C:\\xampp\\htdocs\\vugol\\vendor\\laravel\\lumen-framework\\src\\Concerns\\RoutesRequests.php(169): Laravel\\Lumen\\Application->handleDispatcherResponse(Array)
#14 C:\\xampp\\htdocs\\vugol\\vendor\\laravel\\lumen-framework\\src\\Concerns\\RoutesRequests.php(416): Laravel\\Lumen\\Application->Laravel\\Lumen\\Concerns\\{closure}(Object(Laravel\\Lumen\\Http\\Request))
#15 C:\\xampp\\htdocs\\vugol\\vendor\\laravel\\lumen-framework\\src\\Concerns\\RoutesRequests.php(171): Laravel\\Lumen\\Application->sendThroughPipeline(Array, Object(Closure))
#16 C:\\xampp\\htdocs\\vugol\\vendor\\laravel\\lumen-framework\\src\\Concerns\\RoutesRequests.php(108): Laravel\\Lumen\\Application->dispatch(NULL)
#17 C:\\xampp\\htdocs\\vugol\\public\\index.php(28): Laravel\\Lumen\\Application->run()
#18 {main}
"} 
[2020-03-28 15:46:56] local.ERROR: ArgumentCountError: Too few arguments to function Illuminate\Database\Eloquent\Builder::find(), 0 passed in C:\xampp\htdocs\vugol\app\Http\Controllers\DistrictController.php on line 36 and at least 1 expected in C:\xampp\htdocs\vugol\vendor\illuminate\database\Eloquent\Builder.php:339
Stack trace:
#0 C:\xampp\htdocs\vugol\app\Http\Controllers\DistrictController.php(36): Illuminate\Database\Eloquent\Builder->find()
#1 [internal function]: App\Http\Controllers\DistrictController->divisionWiseDistrictList('dhaka')
#2 C:\xampp\htdocs\vugol\vendor\illuminate\container\BoundMethod.php(32): call_user_func_array(Array, Array)
#3 C:\xampp\htdocs\vugol\vendor\illuminate\container\Util.php(36): Illuminate\Container\BoundMethod::Illuminate\Container\{closure}()
#4 C:\xampp\htdocs\vugol\vendor\illuminate\container\BoundMethod.php(90): Illuminate\Container\Util::unwrapIfClosure(Object(Closure))
#5 C:\xampp\htdocs\vugol\vendor\illuminate\container\BoundMethod.php(34): Illuminate\Container\BoundMethod::callBoundMethod(Object(Laravel\Lumen\Application), Array, Object(Closure))
#6 C:\xampp\htdocs\vugol\vendor\illuminate\container\Container.php(590): Illuminate\Container\BoundMethod::call(Object(Laravel\Lumen\Application), Array, Array, NULL)
#7 C:\xampp\htdocs\vugol\vendor\laravel\lumen-framework\src\Concerns\RoutesRequests.php(376): Illuminate\Container\Container->call(Array, Array)
#8 C:\xampp\htdocs\vugol\vendor\laravel\lumen-framework\src\Concerns\RoutesRequests.php(342): Laravel\Lumen\Application->callControllerCallable(Array, Array)
#9 C:\xampp\htdocs\vugol\vendor\laravel\lumen-framework\src\Concerns\RoutesRequests.php(316): Laravel\Lumen\Application->callLumenController(Object(App\Http\Controllers\DistrictController), 'divisionWiseDis...', Array)
#10 C:\xampp\htdocs\vugol\vendor\laravel\lumen-framework\src\Concerns\RoutesRequests.php(278): Laravel\Lumen\Application->callControllerAction(Array)
#11 C:\xampp\htdocs\vugol\vendor\laravel\lumen-framework\src\Concerns\RoutesRequests.php(263): Laravel\Lumen\Application->callActionOnArrayBasedRoute(Array)
#12 C:\xampp\htdocs\vugol\vendor\laravel\lumen-framework\src\Concerns\RoutesRequests.php(233): Laravel\Lumen\Application->handleFoundRoute(Array)
#13 C:\xampp\htdocs\vugol\vendor\laravel\lumen-framework\src\Concerns\RoutesRequests.php(169): Laravel\Lumen\Application->handleDispatcherResponse(Array)
#14 C:\xampp\htdocs\vugol\vendor\laravel\lumen-framework\src\Concerns\RoutesRequests.php(416): Laravel\Lumen\Application->Laravel\Lumen\Concerns\{closure}(Object(Laravel\Lumen\Http\Request))
#15 C:\xampp\htdocs\vugol\vendor\laravel\lumen-framework\src\Concerns\RoutesRequests.php(171): Laravel\Lumen\Application->sendThroughPipeline(Array, Object(Closure))
#16 C:\xampp\htdocs\vugol\vendor\laravel\lumen-framework\src\Concerns\RoutesRequests.php(108): Laravel\Lumen\Application->dispatch(NULL)
#17 C:\xampp\htdocs\vugol\public\index.php(28): Laravel\Lumen\Application->run()
#18 {main} {"exception":"[object] (ArgumentCountError(code: 0): Too few arguments to function Illuminate\\Database\\Eloquent\\Builder::find(), 0 passed in C:\\xampp\\htdocs\\vugol\\app\\Http\\Controllers\\DistrictController.php on line 36 and at least 1 expected at C:\\xampp\\htdocs\\vugol\\vendor\\illuminate\\database\\Eloquent\\Builder.php:339)
[stacktrace]
#0 C:\\xampp\\htdocs\\vugol\\app\\Http\\Controllers\\DistrictController.php(36): Illuminate\\Database\\Eloquent\\Builder->find()
#1 [internal function]: App\\Http\\Controllers\\DistrictController->divisionWiseDistrictList('dhaka')
#2 C:\\xampp\\htdocs\\vugol\\vendor\\illuminate\\container\\BoundMethod.php(32): call_user_func_array(Array, Array)
#3 C:\\xampp\\htdocs\\vugol\\vendor\\illuminate\\container\\Util.php(36): Illuminate\\Container\\BoundMethod::Illuminate\\Container\\{closure}()
#4 C:\\xampp\\htdocs\\vugol\\vendor\\illuminate\\container\\BoundMethod.php(90): Illuminate\\Container\\Util::unwrapIfClosure(Object(Closure))
#5 C:\\xampp\\htdocs\\vugol\\vendor\\illuminate\\container\\BoundMethod.php(34): Illuminate\\Container\\BoundMethod::callBoundMethod(Object(Laravel\\Lumen\\Application), Array, Object(Closure))
#6 C:\\xampp\\htdocs\\vugol\\vendor\\illuminate\\container\\Container.php(590): Illuminate\\Container\\BoundMethod::call(Object(Laravel\\Lumen\\Application), Array, Array, NULL)
#7 C:\\xampp\\htdocs\\vugol\\vendor\\laravel\\lumen-framework\\src\\Concerns\\RoutesRequests.php(376): Illuminate\\Container\\Container->call(Array, Array)
#8 C:\\xampp\\htdocs\\vugol\\vendor\\laravel\\lumen-framework\\src\\Concerns\\RoutesRequests.php(342): Laravel\\Lumen\\Application->callControllerCallable(Array, Array)
#9 C:\\xampp\\htdocs\\vugol\\vendor\\laravel\\lumen-framework\\src\\Concerns\\RoutesRequests.php(316): Laravel\\Lumen\\Application->callLumenController(Object(App\\Http\\Controllers\\DistrictController), 'divisionWiseDis...', Array)
#10 C:\\xampp\\htdocs\\vugol\\vendor\\laravel\\lumen-framework\\src\\Concerns\\RoutesRequests.php(278): Laravel\\Lumen\\Application->callControllerAction(Array)
#11 C:\\xampp\\htdocs\\vugol\\vendor\\laravel\\lumen-framework\\src\\Concerns\\RoutesRequests.php(263): Laravel\\Lumen\\Application->callActionOnArrayBasedRoute(Array)
#12 C:\\xampp\\htdocs\\vugol\\vendor\\laravel\\lumen-framework\\src\\Concerns\\RoutesRequests.php(233): Laravel\\Lumen\\Application->handleFoundRoute(Array)
#13 C:\\xampp\\htdocs\\vugol\\vendor\\laravel\\lumen-framework\\src\\Concerns\\RoutesRequests.php(169): Laravel\\Lumen\\Application->handleDispatcherResponse(Array)
#14 C:\\xampp\\htdocs\\vugol\\vendor\\laravel\\lumen-framework\\src\\Concerns\\RoutesRequests.php(416): Laravel\\Lumen\\Application->Laravel\\Lumen\\Concerns\\{closure}(Object(Laravel\\Lumen\\Http\\Request))
#15 C:\\xampp\\htdocs\\vugol\\vendor\\laravel\\lumen-framework\\src\\Concerns\\RoutesRequests.php(171): Laravel\\Lumen\\Application->sendThroughPipeline(Array, Object(Closure))
#16 C:\\xampp\\htdocs\\vugol\\vendor\\laravel\\lumen-framework\\src\\Concerns\\RoutesRequests.php(108): Laravel\\Lumen\\Application->dispatch(NULL)
#17 C:\\xampp\\htdocs\\vugol\\public\\index.php(28): Laravel\\Lumen\\Application->run()
#18 {main}
"} 
[2020-03-28 15:47:12] local.ERROR: BadMethodCallException: Call to undefined method Illuminate\Database\Eloquent\Builder::faindOrFail() in C:\xampp\htdocs\vugol\vendor\illuminate\support\Traits\ForwardsCalls.php:50
Stack trace:
#0 C:\xampp\htdocs\vugol\vendor\illuminate\support\Traits\ForwardsCalls.php(36): Illuminate\Database\Eloquent\Builder::throwBadMethodCallException('faindOrFail')
#1 C:\xampp\htdocs\vugol\vendor\illuminate\database\Eloquent\Builder.php(1384): Illuminate\Database\Eloquent\Builder->forwardCallTo(Object(Illuminate\Database\Query\Builder), 'faindOrFail', Array)
#2 C:\xampp\htdocs\vugol\app\Http\Controllers\DistrictController.php(36): Illuminate\Database\Eloquent\Builder->__call('faindOrFail', Array)
#3 [internal function]: App\Http\Controllers\DistrictController->divisionWiseDistrictList('dhaka')
#4 C:\xampp\htdocs\vugol\vendor\illuminate\container\BoundMethod.php(32): call_user_func_array(Array, Array)
#5 C:\xampp\htdocs\vugol\vendor\illuminate\container\Util.php(36): Illuminate\Container\BoundMethod::Illuminate\Container\{closure}()
#6 C:\xampp\htdocs\vugol\vendor\illuminate\container\BoundMethod.php(90): Illuminate\Container\Util::unwrapIfClosure(Object(Closure))
#7 C:\xampp\htdocs\vugol\vendor\illuminate\container\BoundMethod.php(34): Illuminate\Container\BoundMethod::callBoundMethod(Object(Laravel\Lumen\Application), Array, Object(Closure))
#8 C:\xampp\htdocs\vugol\vendor\illuminate\container\Container.php(590): Illuminate\Container\BoundMethod::call(Object(Laravel\Lumen\Application), Array, Array, NULL)
#9 C:\xampp\htdocs\vugol\vendor\laravel\lumen-framework\src\Concerns\RoutesRequests.php(376): Illuminate\Container\Container->call(Array, Array)
#10 C:\xampp\htdocs\vugol\vendor\laravel\lumen-framework\src\Concerns\RoutesRequests.php(342): Laravel\Lumen\Application->callControllerCallable(Array, Array)
#11 C:\xampp\htdocs\vugol\vendor\laravel\lumen-framework\src\Concerns\RoutesRequests.php(316): Laravel\Lumen\Application->callLumenController(Object(App\Http\Controllers\DistrictController), 'divisionWiseDis...', Array)
#12 C:\xampp\htdocs\vugol\vendor\laravel\lumen-framework\src\Concerns\RoutesRequests.php(278): Laravel\Lumen\Application->callControllerAction(Array)
#13 C:\xampp\htdocs\vugol\vendor\laravel\lumen-framework\src\Concerns\RoutesRequests.php(263): Laravel\Lumen\Application->callActionOnArrayBasedRoute(Array)
#14 C:\xampp\htdocs\vugol\vendor\laravel\lumen-framework\src\Concerns\RoutesRequests.php(233): Laravel\Lumen\Application->handleFoundRoute(Array)
#15 C:\xampp\htdocs\vugol\vendor\laravel\lumen-framework\src\Concerns\RoutesRequests.php(169): Laravel\Lumen\Application->handleDispatcherResponse(Array)
#16 C:\xampp\htdocs\vugol\vendor\laravel\lumen-framework\src\Concerns\RoutesRequests.php(416): Laravel\Lumen\Application->Laravel\Lumen\Concerns\{closure}(Object(Laravel\Lumen\Http\Request))
#17 C:\xampp\htdocs\vugol\vendor\laravel\lumen-framework\src\Concerns\RoutesRequests.php(171): Laravel\Lumen\Application->sendThroughPipeline(Array, Object(Closure))
#18 C:\xampp\htdocs\vugol\vendor\laravel\lumen-framework\src\Concerns\RoutesRequests.php(108): Laravel\Lumen\Application->dispatch(NULL)
#19 C:\xampp\htdocs\vugol\public\index.php(28): Laravel\Lumen\Application->run()
#20 {main} {"exception":"[object] (BadMethodCallException(code: 0): Call to undefined method Illuminate\\Database\\Eloquent\\Builder::faindOrFail() at C:\\xampp\\htdocs\\vugol\\vendor\\illuminate\\support\\Traits\\ForwardsCalls.php:50)
[stacktrace]
#0 C:\\xampp\\htdocs\\vugol\\vendor\\illuminate\\support\\Traits\\ForwardsCalls.php(36): Illuminate\\Database\\Eloquent\\Builder::throwBadMethodCallException('faindOrFail')
#1 C:\\xampp\\htdocs\\vugol\\vendor\\illuminate\\database\\Eloquent\\Builder.php(1384): Illuminate\\Database\\Eloquent\\Builder->forwardCallTo(Object(Illuminate\\Database\\Query\\Builder), 'faindOrFail', Array)
#2 C:\\xampp\\htdocs\\vugol\\app\\Http\\Controllers\\DistrictController.php(36): Illuminate\\Database\\Eloquent\\Builder->__call('faindOrFail', Array)
#3 [internal function]: App\\Http\\Controllers\\DistrictController->divisionWiseDistrictList('dhaka')
#4 C:\\xampp\\htdocs\\vugol\\vendor\\illuminate\\container\\BoundMethod.php(32): call_user_func_array(Array, Array)
#5 C:\\xampp\\htdocs\\vugol\\vendor\\illuminate\\container\\Util.php(36): Illuminate\\Container\\BoundMethod::Illuminate\\Container\\{closure}()
#6 C:\\xampp\\htdocs\\vugol\\vendor\\illuminate\\container\\BoundMethod.php(90): Illuminate\\Container\\Util::unwrapIfClosure(Object(Closure))
#7 C:\\xampp\\htdocs\\vugol\\vendor\\illuminate\\container\\BoundMethod.php(34): Illuminate\\Container\\BoundMethod::callBoundMethod(Object(Laravel\\Lumen\\Application), Array, Object(Closure))
#8 C:\\xampp\\htdocs\\vugol\\vendor\\illuminate\\container\\Container.php(590): Illuminate\\Container\\BoundMethod::call(Object(Laravel\\Lumen\\Application), Array, Array, NULL)
#9 C:\\xampp\\htdocs\\vugol\\vendor\\laravel\\lumen-framework\\src\\Concerns\\RoutesRequests.php(376): Illuminate\\Container\\Container->call(Array, Array)
#10 C:\\xampp\\htdocs\\vugol\\vendor\\laravel\\lumen-framework\\src\\Concerns\\RoutesRequests.php(342): Laravel\\Lumen\\Application->callControllerCallable(Array, Array)
#11 C:\\xampp\\htdocs\\vugol\\vendor\\laravel\\lumen-framework\\src\\Concerns\\RoutesRequests.php(316): Laravel\\Lumen\\Application->callLumenController(Object(App\\Http\\Controllers\\DistrictController), 'divisionWiseDis...', Array)
#12 C:\\xampp\\htdocs\\vugol\\vendor\\laravel\\lumen-framework\\src\\Concerns\\RoutesRequests.php(278): Laravel\\Lumen\\Application->callControllerAction(Array)
#13 C:\\xampp\\htdocs\\vugol\\vendor\\laravel\\lumen-framework\\src\\Concerns\\RoutesRequests.php(263): Laravel\\Lumen\\Application->callActionOnArrayBasedRoute(Array)
#14 C:\\xampp\\htdocs\\vugol\\vendor\\laravel\\lumen-framework\\src\\Concerns\\RoutesRequests.php(233): Laravel\\Lumen\\Application->handleFoundRoute(Array)
#15 C:\\xampp\\htdocs\\vugol\\vendor\\laravel\\lumen-framework\\src\\Concerns\\RoutesRequests.php(169): Laravel\\Lumen\\Application->handleDispatcherResponse(Array)
#16 C:\\xampp\\htdocs\\vugol\\vendor\\laravel\\lumen-framework\\src\\Concerns\\RoutesRequests.php(416): Laravel\\Lumen\\Application->Laravel\\Lumen\\Concerns\\{closure}(Object(Laravel\\Lumen\\Http\\Request))
#17 C:\\xampp\\htdocs\\vugol\\vendor\\laravel\\lumen-framework\\src\\Concerns\\RoutesRequests.php(171): Laravel\\Lumen\\Application->sendThroughPipeline(Array, Object(Closure))
#18 C:\\xampp\\htdocs\\vugol\\vendor\\laravel\\lumen-framework\\src\\Concerns\\RoutesRequests.php(108): Laravel\\Lumen\\Application->dispatch(NULL)
#19 C:\\xampp\\htdocs\\vugol\\public\\index.php(28): Laravel\\Lumen\\Application->run()
#20 {main}
"} 
[2020-03-28 15:52:14] local.ERROR: ArgumentCountError: Too few arguments to function Illuminate\Support\Collection::get(), 0 passed in C:\xampp\htdocs\vugol\app\Http\Controllers\DistrictController.php on line 36 and at least 1 expected in C:\xampp\htdocs\vugol\vendor\illuminate\support\Collection.php:413
Stack trace:
#0 C:\xampp\htdocs\vugol\app\Http\Controllers\DistrictController.php(36): Illuminate\Support\Collection->get()
#1 [internal function]: App\Http\Controllers\DistrictController->divisionWiseDistrictList('dhaka')
#2 C:\xampp\htdocs\vugol\vendor\illuminate\container\BoundMethod.php(32): call_user_func_array(Array, Array)
#3 C:\xampp\htdocs\vugol\vendor\illuminate\container\Util.php(36): Illuminate\Container\BoundMethod::Illuminate\Container\{closure}()
#4 C:\xampp\htdocs\vugol\vendor\illuminate\container\BoundMethod.php(90): Illuminate\Container\Util::unwrapIfClosure(Object(Closure))
#5 C:\xampp\htdocs\vugol\vendor\illuminate\container\BoundMethod.php(34): Illuminate\Container\BoundMethod::callBoundMethod(Object(Laravel\Lumen\Application), Array, Object(Closure))
#6 C:\xampp\htdocs\vugol\vendor\illuminate\container\Container.php(590): Illuminate\Container\BoundMethod::call(Object(Laravel\Lumen\Application), Array, Array, NULL)
#7 C:\xampp\htdocs\vugol\vendor\laravel\lumen-framework\src\Concerns\RoutesRequests.php(376): Illuminate\Container\Container->call(Array, Array)
#8 C:\xampp\htdocs\vugol\vendor\laravel\lumen-framework\src\Concerns\RoutesRequests.php(342): Laravel\Lumen\Application->callControllerCallable(Array, Array)
#9 C:\xampp\htdocs\vugol\vendor\laravel\lumen-framework\src\Concerns\RoutesRequests.php(316): Laravel\Lumen\Application->callLumenController(Object(App\Http\Controllers\DistrictController), 'divisionWiseDis...', Array)
#10 C:\xampp\htdocs\vugol\vendor\laravel\lumen-framework\src\Concerns\RoutesRequests.php(278): Laravel\Lumen\Application->callControllerAction(Array)
#11 C:\xampp\htdocs\vugol\vendor\laravel\lumen-framework\src\Concerns\RoutesRequests.php(263): Laravel\Lumen\Application->callActionOnArrayBasedRoute(Array)
#12 C:\xampp\htdocs\vugol\vendor\laravel\lumen-framework\src\Concerns\RoutesRequests.php(233): Laravel\Lumen\Application->handleFoundRoute(Array)
#13 C:\xampp\htdocs\vugol\vendor\laravel\lumen-framework\src\Concerns\RoutesRequests.php(169): Laravel\Lumen\Application->handleDispatcherResponse(Array)
#14 C:\xampp\htdocs\vugol\vendor\laravel\lumen-framework\src\Concerns\RoutesRequests.php(416): Laravel\Lumen\Application->Laravel\Lumen\Concerns\{closure}(Object(Laravel\Lumen\Http\Request))
#15 C:\xampp\htdocs\vugol\vendor\laravel\lumen-framework\src\Concerns\RoutesRequests.php(171): Laravel\Lumen\Application->sendThroughPipeline(Array, Object(Closure))
#16 C:\xampp\htdocs\vugol\vendor\laravel\lumen-framework\src\Concerns\RoutesRequests.php(108): Laravel\Lumen\Application->dispatch(NULL)
#17 C:\xampp\htdocs\vugol\public\index.php(28): Laravel\Lumen\Application->run()
#18 {main} {"exception":"[object] (ArgumentCountError(code: 0): Too few arguments to function Illuminate\\Support\\Collection::get(), 0 passed in C:\\xampp\\htdocs\\vugol\\app\\Http\\Controllers\\DistrictController.php on line 36 and at least 1 expected at C:\\xampp\\htdocs\\vugol\\vendor\\illuminate\\support\\Collection.php:413)
[stacktrace]
#0 C:\\xampp\\htdocs\\vugol\\app\\Http\\Controllers\\DistrictController.php(36): Illuminate\\Support\\Collection->get()
#1 [internal function]: App\\Http\\Controllers\\DistrictController->divisionWiseDistrictList('dhaka')
#2 C:\\xampp\\htdocs\\vugol\\vendor\\illuminate\\container\\BoundMethod.php(32): call_user_func_array(Array, Array)
#3 C:\\xampp\\htdocs\\vugol\\vendor\\illuminate\\container\\Util.php(36): Illuminate\\Container\\BoundMethod::Illuminate\\Container\\{closure}()
#4 C:\\xampp\\htdocs\\vugol\\vendor\\illuminate\\container\\BoundMethod.php(90): Illuminate\\Container\\Util::unwrapIfClosure(Object(Closure))
#5 C:\\xampp\\htdocs\\vugol\\vendor\\illuminate\\container\\BoundMethod.php(34): Illuminate\\Container\\BoundMethod::callBoundMethod(Object(Laravel\\Lumen\\Application), Array, Object(Closure))
#6 C:\\xampp\\htdocs\\vugol\\vendor\\illuminate\\container\\Container.php(590): Illuminate\\Container\\BoundMethod::call(Object(Laravel\\Lumen\\Application), Array, Array, NULL)
#7 C:\\xampp\\htdocs\\vugol\\vendor\\laravel\\lumen-framework\\src\\Concerns\\RoutesRequests.php(376): Illuminate\\Container\\Container->call(Array, Array)
#8 C:\\xampp\\htdocs\\vugol\\vendor\\laravel\\lumen-framework\\src\\Concerns\\RoutesRequests.php(342): Laravel\\Lumen\\Application->callControllerCallable(Array, Array)
#9 C:\\xampp\\htdocs\\vugol\\vendor\\laravel\\lumen-framework\\src\\Concerns\\RoutesRequests.php(316): Laravel\\Lumen\\Application->callLumenController(Object(App\\Http\\Controllers\\DistrictController), 'divisionWiseDis...', Array)
#10 C:\\xampp\\htdocs\\vugol\\vendor\\laravel\\lumen-framework\\src\\Concerns\\RoutesRequests.php(278): Laravel\\Lumen\\Application->callControllerAction(Array)
#11 C:\\xampp\\htdocs\\vugol\\vendor\\laravel\\lumen-framework\\src\\Concerns\\RoutesRequests.php(263): Laravel\\Lumen\\Application->callActionOnArrayBasedRoute(Array)
#12 C:\\xampp\\htdocs\\vugol\\vendor\\laravel\\lumen-framework\\src\\Concerns\\RoutesRequests.php(233): Laravel\\Lumen\\Application->handleFoundRoute(Array)
#13 C:\\xampp\\htdocs\\vugol\\vendor\\laravel\\lumen-framework\\src\\Concerns\\RoutesRequests.php(169): Laravel\\Lumen\\Application->handleDispatcherResponse(Array)
#14 C:\\xampp\\htdocs\\vugol\\vendor\\laravel\\lumen-framework\\src\\Concerns\\RoutesRequests.php(416): Laravel\\Lumen\\Application->Laravel\\Lumen\\Concerns\\{closure}(Object(Laravel\\Lumen\\Http\\Request))
#15 C:\\xampp\\htdocs\\vugol\\vendor\\laravel\\lumen-framework\\src\\Concerns\\RoutesRequests.php(171): Laravel\\Lumen\\Application->sendThroughPipeline(Array, Object(Closure))
#16 C:\\xampp\\htdocs\\vugol\\vendor\\laravel\\lumen-framework\\src\\Concerns\\RoutesRequests.php(108): Laravel\\Lumen\\Application->dispatch(NULL)
#17 C:\\xampp\\htdocs\\vugol\\public\\index.php(28): Laravel\\Lumen\\Application->run()
#18 {main}
"} 
[2020-03-28 16:13:54] local.ERROR: BadMethodCallException: Call to undefined method Illuminate\Database\Eloquent\Builder::fisrt() in C:\xampp\htdocs\vugol\vendor\illuminate\support\Traits\ForwardsCalls.php:50
Stack trace:
#0 C:\xampp\htdocs\vugol\vendor\illuminate\support\Traits\ForwardsCalls.php(36): Illuminate\Database\Eloquent\Builder::throwBadMethodCallException('fisrt')
#1 C:\xampp\htdocs\vugol\vendor\illuminate\database\Eloquent\Builder.php(1384): Illuminate\Database\Eloquent\Builder->forwardCallTo(Object(Illuminate\Database\Query\Builder), 'fisrt', Array)
#2 C:\xampp\htdocs\vugol\app\Http\Controllers\DistrictController.php(36): Illuminate\Database\Eloquent\Builder->__call('fisrt', Array)
#3 [internal function]: App\Http\Controllers\DistrictController->divisionWiseDistrictList('barisal')
#4 C:\xampp\htdocs\vugol\vendor\illuminate\container\BoundMethod.php(32): call_user_func_array(Array, Array)
#5 C:\xampp\htdocs\vugol\vendor\illuminate\container\Util.php(36): Illuminate\Container\BoundMethod::Illuminate\Container\{closure}()
#6 C:\xampp\htdocs\vugol\vendor\illuminate\container\BoundMethod.php(90): Illuminate\Container\Util::unwrapIfClosure(Object(Closure))
#7 C:\xampp\htdocs\vugol\vendor\illuminate\container\BoundMethod.php(34): Illuminate\Container\BoundMethod::callBoundMethod(Object(Laravel\Lumen\Application), Array, Object(Closure))
#8 C:\xampp\htdocs\vugol\vendor\illuminate\container\Container.php(590): Illuminate\Container\BoundMethod::call(Object(Laravel\Lumen\Application), Array, Array, NULL)
#9 C:\xampp\htdocs\vugol\vendor\laravel\lumen-framework\src\Concerns\RoutesRequests.php(376): Illuminate\Container\Container->call(Array, Array)
#10 C:\xampp\htdocs\vugol\vendor\laravel\lumen-framework\src\Concerns\RoutesRequests.php(342): Laravel\Lumen\Application->callControllerCallable(Array, Array)
#11 C:\xampp\htdocs\vugol\vendor\laravel\lumen-framework\src\Concerns\RoutesRequests.php(316): Laravel\Lumen\Application->callLumenController(Object(App\Http\Controllers\DistrictController), 'divisionWiseDis...', Array)
#12 C:\xampp\htdocs\vugol\vendor\laravel\lumen-framework\src\Concerns\RoutesRequests.php(278): Laravel\Lumen\Application->callControllerAction(Array)
#13 C:\xampp\htdocs\vugol\vendor\laravel\lumen-framework\src\Concerns\RoutesRequests.php(263): Laravel\Lumen\Application->callActionOnArrayBasedRoute(Array)
#14 C:\xampp\htdocs\vugol\vendor\laravel\lumen-framework\src\Concerns\RoutesRequests.php(233): Laravel\Lumen\Application->handleFoundRoute(Array)
#15 C:\xampp\htdocs\vugol\vendor\laravel\lumen-framework\src\Concerns\RoutesRequests.php(169): Laravel\Lumen\Application->handleDispatcherResponse(Array)
#16 C:\xampp\htdocs\vugol\vendor\laravel\lumen-framework\src\Concerns\RoutesRequests.php(416): Laravel\Lumen\Application->Laravel\Lumen\Concerns\{closure}(Object(Laravel\Lumen\Http\Request))
#17 C:\xampp\htdocs\vugol\vendor\laravel\lumen-framework\src\Concerns\RoutesRequests.php(171): Laravel\Lumen\Application->sendThroughPipeline(Array, Object(Closure))
#18 C:\xampp\htdocs\vugol\vendor\laravel\lumen-framework\src\Concerns\RoutesRequests.php(108): Laravel\Lumen\Application->dispatch(NULL)
#19 C:\xampp\htdocs\vugol\public\index.php(28): Laravel\Lumen\Application->run()
#20 {main} {"exception":"[object] (BadMethodCallException(code: 0): Call to undefined method Illuminate\\Database\\Eloquent\\Builder::fisrt() at C:\\xampp\\htdocs\\vugol\\vendor\\illuminate\\support\\Traits\\ForwardsCalls.php:50)
[stacktrace]
#0 C:\\xampp\\htdocs\\vugol\\vendor\\illuminate\\support\\Traits\\ForwardsCalls.php(36): Illuminate\\Database\\Eloquent\\Builder::throwBadMethodCallException('fisrt')
#1 C:\\xampp\\htdocs\\vugol\\vendor\\illuminate\\database\\Eloquent\\Builder.php(1384): Illuminate\\Database\\Eloquent\\Builder->forwardCallTo(Object(Illuminate\\Database\\Query\\Builder), 'fisrt', Array)
#2 C:\\xampp\\htdocs\\vugol\\app\\Http\\Controllers\\DistrictController.php(36): Illuminate\\Database\\Eloquent\\Builder->__call('fisrt', Array)
#3 [internal function]: App\\Http\\Controllers\\DistrictController->divisionWiseDistrictList('barisal')
#4 C:\\xampp\\htdocs\\vugol\\vendor\\illuminate\\container\\BoundMethod.php(32): call_user_func_array(Array, Array)
#5 C:\\xampp\\htdocs\\vugol\\vendor\\illuminate\\container\\Util.php(36): Illuminate\\Container\\BoundMethod::Illuminate\\Container\\{closure}()
#6 C:\\xampp\\htdocs\\vugol\\vendor\\illuminate\\container\\BoundMethod.php(90): Illuminate\\Container\\Util::unwrapIfClosure(Object(Closure))
#7 C:\\xampp\\htdocs\\vugol\\vendor\\illuminate\\container\\BoundMethod.php(34): Illuminate\\Container\\BoundMethod::callBoundMethod(Object(Laravel\\Lumen\\Application), Array, Object(Closure))
#8 C:\\xampp\\htdocs\\vugol\\vendor\\illuminate\\container\\Container.php(590): Illuminate\\Container\\BoundMethod::call(Object(Laravel\\Lumen\\Application), Array, Array, NULL)
#9 C:\\xampp\\htdocs\\vugol\\vendor\\laravel\\lumen-framework\\src\\Concerns\\RoutesRequests.php(376): Illuminate\\Container\\Container->call(Array, Array)
#10 C:\\xampp\\htdocs\\vugol\\vendor\\laravel\\lumen-framework\\src\\Concerns\\RoutesRequests.php(342): Laravel\\Lumen\\Application->callControllerCallable(Array, Array)
#11 C:\\xampp\\htdocs\\vugol\\vendor\\laravel\\lumen-framework\\src\\Concerns\\RoutesRequests.php(316): Laravel\\Lumen\\Application->callLumenController(Object(App\\Http\\Controllers\\DistrictController), 'divisionWiseDis...', Array)
#12 C:\\xampp\\htdocs\\vugol\\vendor\\laravel\\lumen-framework\\src\\Concerns\\RoutesRequests.php(278): Laravel\\Lumen\\Application->callControllerAction(Array)
#13 C:\\xampp\\htdocs\\vugol\\vendor\\laravel\\lumen-framework\\src\\Concerns\\RoutesRequests.php(263): Laravel\\Lumen\\Application->callActionOnArrayBasedRoute(Array)
#14 C:\\xampp\\htdocs\\vugol\\vendor\\laravel\\lumen-framework\\src\\Concerns\\RoutesRequests.php(233): Laravel\\Lumen\\Application->handleFoundRoute(Array)
#15 C:\\xampp\\htdocs\\vugol\\vendor\\laravel\\lumen-framework\\src\\Concerns\\RoutesRequests.php(169): Laravel\\Lumen\\Application->handleDispatcherResponse(Array)
#16 C:\\xampp\\htdocs\\vugol\\vendor\\laravel\\lumen-framework\\src\\Concerns\\RoutesRequests.php(416): Laravel\\Lumen\\Application->Laravel\\Lumen\\Concerns\\{closure}(Object(Laravel\\Lumen\\Http\\Request))
#17 C:\\xampp\\htdocs\\vugol\\vendor\\laravel\\lumen-framework\\src\\Concerns\\RoutesRequests.php(171): Laravel\\Lumen\\Application->sendThroughPipeline(Array, Object(Closure))
#18 C:\\xampp\\htdocs\\vugol\\vendor\\laravel\\lumen-framework\\src\\Concerns\\RoutesRequests.php(108): Laravel\\Lumen\\Application->dispatch(NULL)
#19 C:\\xampp\\htdocs\\vugol\\public\\index.php(28): Laravel\\Lumen\\Application->run()
#20 {main}
"} 
[2020-03-28 16:14:26] local.ERROR: BadMethodCallException: Method Illuminate\Support\Collection::fisrt does not exist. in C:\xampp\htdocs\vugol\vendor\illuminate\support\Traits\Macroable.php:103
Stack trace:
#0 C:\xampp\htdocs\vugol\app\Http\Controllers\DistrictController.php(36): Illuminate\Support\Collection->__call('fisrt', Array)
#1 [internal function]: App\Http\Controllers\DistrictController->divisionWiseDistrictList('barisal')
#2 C:\xampp\htdocs\vugol\vendor\illuminate\container\BoundMethod.php(32): call_user_func_array(Array, Array)
#3 C:\xampp\htdocs\vugol\vendor\illuminate\container\Util.php(36): Illuminate\Container\BoundMethod::Illuminate\Container\{closure}()
#4 C:\xampp\htdocs\vugol\vendor\illuminate\container\BoundMethod.php(90): Illuminate\Container\Util::unwrapIfClosure(Object(Closure))
#5 C:\xampp\htdocs\vugol\vendor\illuminate\container\BoundMethod.php(34): Illuminate\Container\BoundMethod::callBoundMethod(Object(Laravel\Lumen\Application), Array, Object(Closure))
#6 C:\xampp\htdocs\vugol\vendor\illuminate\container\Container.php(590): Illuminate\Container\BoundMethod::call(Object(Laravel\Lumen\Application), Array, Array, NULL)
#7 C:\xampp\htdocs\vugol\vendor\laravel\lumen-framework\src\Concerns\RoutesRequests.php(376): Illuminate\Container\Container->call(Array, Array)
#8 C:\xampp\htdocs\vugol\vendor\laravel\lumen-framework\src\Concerns\RoutesRequests.php(342): Laravel\Lumen\Application->callControllerCallable(Array, Array)
#9 C:\xampp\htdocs\vugol\vendor\laravel\lumen-framework\src\Concerns\RoutesRequests.php(316): Laravel\Lumen\Application->callLumenController(Object(App\Http\Controllers\DistrictController), 'divisionWiseDis...', Array)
#10 C:\xampp\htdocs\vugol\vendor\laravel\lumen-framework\src\Concerns\RoutesRequests.php(278): Laravel\Lumen\Application->callControllerAction(Array)
#11 C:\xampp\htdocs\vugol\vendor\laravel\lumen-framework\src\Concerns\RoutesRequests.php(263): Laravel\Lumen\Application->callActionOnArrayBasedRoute(Array)
#12 C:\xampp\htdocs\vugol\vendor\laravel\lumen-framework\src\Concerns\RoutesRequests.php(233): Laravel\Lumen\Application->handleFoundRoute(Array)
#13 C:\xampp\htdocs\vugol\vendor\laravel\lumen-framework\src\Concerns\RoutesRequests.php(169): Laravel\Lumen\Application->handleDispatcherResponse(Array)
#14 C:\xampp\htdocs\vugol\vendor\laravel\lumen-framework\src\Concerns\RoutesRequests.php(416): Laravel\Lumen\Application->Laravel\Lumen\Concerns\{closure}(Object(Laravel\Lumen\Http\Request))
#15 C:\xampp\htdocs\vugol\vendor\laravel\lumen-framework\src\Concerns\RoutesRequests.php(171): Laravel\Lumen\Application->sendThroughPipeline(Array, Object(Closure))
#16 C:\xampp\htdocs\vugol\vendor\laravel\lumen-framework\src\Concerns\RoutesRequests.php(108): Laravel\Lumen\Application->dispatch(NULL)
#17 C:\xampp\htdocs\vugol\public\index.php(28): Laravel\Lumen\Application->run()
#18 {main} {"exception":"[object] (BadMethodCallException(code: 0): Method Illuminate\\Support\\Collection::fisrt does not exist. at C:\\xampp\\htdocs\\vugol\\vendor\\illuminate\\support\\Traits\\Macroable.php:103)
[stacktrace]
#0 C:\\xampp\\htdocs\\vugol\\app\\Http\\Controllers\\DistrictController.php(36): Illuminate\\Support\\Collection->__call('fisrt', Array)
#1 [internal function]: App\\Http\\Controllers\\DistrictController->divisionWiseDistrictList('barisal')
#2 C:\\xampp\\htdocs\\vugol\\vendor\\illuminate\\container\\BoundMethod.php(32): call_user_func_array(Array, Array)
#3 C:\\xampp\\htdocs\\vugol\\vendor\\illuminate\\container\\Util.php(36): Illuminate\\Container\\BoundMethod::Illuminate\\Container\\{closure}()
#4 C:\\xampp\\htdocs\\vugol\\vendor\\illuminate\\container\\BoundMethod.php(90): Illuminate\\Container\\Util::unwrapIfClosure(Object(Closure))
#5 C:\\xampp\\htdocs\\vugol\\vendor\\illuminate\\container\\BoundMethod.php(34): Illuminate\\Container\\BoundMethod::callBoundMethod(Object(Laravel\\Lumen\\Application), Array, Object(Closure))
#6 C:\\xampp\\htdocs\\vugol\\vendor\\illuminate\\container\\Container.php(590): Illuminate\\Container\\BoundMethod::call(Object(Laravel\\Lumen\\Application), Array, Array, NULL)
#7 C:\\xampp\\htdocs\\vugol\\vendor\\laravel\\lumen-framework\\src\\Concerns\\RoutesRequests.php(376): Illuminate\\Container\\Container->call(Array, Array)
#8 C:\\xampp\\htdocs\\vugol\\vendor\\laravel\\lumen-framework\\src\\Concerns\\RoutesRequests.php(342): Laravel\\Lumen\\Application->callControllerCallable(Array, Array)
#9 C:\\xampp\\htdocs\\vugol\\vendor\\laravel\\lumen-framework\\src\\Concerns\\RoutesRequests.php(316): Laravel\\Lumen\\Application->callLumenController(Object(App\\Http\\Controllers\\DistrictController), 'divisionWiseDis...', Array)
#10 C:\\xampp\\htdocs\\vugol\\vendor\\laravel\\lumen-framework\\src\\Concerns\\RoutesRequests.php(278): Laravel\\Lumen\\Application->callControllerAction(Array)
#11 C:\\xampp\\htdocs\\vugol\\vendor\\laravel\\lumen-framework\\src\\Concerns\\RoutesRequests.php(263): Laravel\\Lumen\\Application->callActionOnArrayBasedRoute(Array)
#12 C:\\xampp\\htdocs\\vugol\\vendor\\laravel\\lumen-framework\\src\\Concerns\\RoutesRequests.php(233): Laravel\\Lumen\\Application->handleFoundRoute(Array)
#13 C:\\xampp\\htdocs\\vugol\\vendor\\laravel\\lumen-framework\\src\\Concerns\\RoutesRequests.php(169): Laravel\\Lumen\\Application->handleDispatcherResponse(Array)
#14 C:\\xampp\\htdocs\\vugol\\vendor\\laravel\\lumen-framework\\src\\Concerns\\RoutesRequests.php(416): Laravel\\Lumen\\Application->Laravel\\Lumen\\Concerns\\{closure}(Object(Laravel\\Lumen\\Http\\Request))
#15 C:\\xampp\\htdocs\\vugol\\vendor\\laravel\\lumen-framework\\src\\Concerns\\RoutesRequests.php(171): Laravel\\Lumen\\Application->sendThroughPipeline(Array, Object(Closure))
#16 C:\\xampp\\htdocs\\vugol\\vendor\\laravel\\lumen-framework\\src\\Concerns\\RoutesRequests.php(108): Laravel\\Lumen\\Application->dispatch(NULL)
#17 C:\\xampp\\htdocs\\vugol\\public\\index.php(28): Laravel\\Lumen\\Application->run()
#18 {main}
"} 
[2020-03-28 16:20:37] local.ERROR: ErrorException: Trying to access array offset on value of type int in C:\xampp\htdocs\vugol\app\Http\Controllers\DistrictController.php:38
Stack trace:
#0 C:\xampp\htdocs\vugol\app\Http\Controllers\DistrictController.php(38): Laravel\Lumen\Application->Laravel\Lumen\Concerns\{closure}(8, 'Trying to acces...', 'C:\\xampp\\htdocs...', 38, Array)
#1 [internal function]: App\Http\Controllers\DistrictController->divisionWiseDistrictList('barisal')
#2 C:\xampp\htdocs\vugol\vendor\illuminate\container\BoundMethod.php(32): call_user_func_array(Array, Array)
#3 C:\xampp\htdocs\vugol\vendor\illuminate\container\Util.php(36): Illuminate\Container\BoundMethod::Illuminate\Container\{closure}()
#4 C:\xampp\htdocs\vugol\vendor\illuminate\container\BoundMethod.php(90): Illuminate\Container\Util::unwrapIfClosure(Object(Closure))
#5 C:\xampp\htdocs\vugol\vendor\illuminate\container\BoundMethod.php(34): Illuminate\Container\BoundMethod::callBoundMethod(Object(Laravel\Lumen\Application), Array, Object(Closure))
#6 C:\xampp\htdocs\vugol\vendor\illuminate\container\Container.php(590): Illuminate\Container\BoundMethod::call(Object(Laravel\Lumen\Application), Array, Array, NULL)
#7 C:\xampp\htdocs\vugol\vendor\laravel\lumen-framework\src\Concerns\RoutesRequests.php(376): Illuminate\Container\Container->call(Array, Array)
#8 C:\xampp\htdocs\vugol\vendor\laravel\lumen-framework\src\Concerns\RoutesRequests.php(342): Laravel\Lumen\Application->callControllerCallable(Array, Array)
#9 C:\xampp\htdocs\vugol\vendor\laravel\lumen-framework\src\Concerns\RoutesRequests.php(316): Laravel\Lumen\Application->callLumenController(Object(App\Http\Controllers\DistrictController), 'divisionWiseDis...', Array)
#10 C:\xampp\htdocs\vugol\vendor\laravel\lumen-framework\src\Concerns\RoutesRequests.php(278): Laravel\Lumen\Application->callControllerAction(Array)
#11 C:\xampp\htdocs\vugol\vendor\laravel\lumen-framework\src\Concerns\RoutesRequests.php(263): Laravel\Lumen\Application->callActionOnArrayBasedRoute(Array)
#12 C:\xampp\htdocs\vugol\vendor\laravel\lumen-framework\src\Concerns\RoutesRequests.php(233): Laravel\Lumen\Application->handleFoundRoute(Array)
#13 C:\xampp\htdocs\vugol\vendor\laravel\lumen-framework\src\Concerns\RoutesRequests.php(169): Laravel\Lumen\Application->handleDispatcherResponse(Array)
#14 C:\xampp\htdocs\vugol\vendor\laravel\lumen-framework\src\Concerns\RoutesRequests.php(416): Laravel\Lumen\Application->Laravel\Lumen\Concerns\{closure}(Object(Laravel\Lumen\Http\Request))
#15 C:\xampp\htdocs\vugol\vendor\laravel\lumen-framework\src\Concerns\RoutesRequests.php(171): Laravel\Lumen\Application->sendThroughPipeline(Array, Object(Closure))
#16 C:\xampp\htdocs\vugol\vendor\laravel\lumen-framework\src\Concerns\RoutesRequests.php(108): Laravel\Lumen\Application->dispatch(NULL)
#17 C:\xampp\htdocs\vugol\public\index.php(28): Laravel\Lumen\Application->run()
#18 {main} {"exception":"[object] (ErrorException(code: 0): Trying to access array offset on value of type int at C:\\xampp\\htdocs\\vugol\\app\\Http\\Controllers\\DistrictController.php:38)
[stacktrace]
#0 C:\\xampp\\htdocs\\vugol\\app\\Http\\Controllers\\DistrictController.php(38): Laravel\\Lumen\\Application->Laravel\\Lumen\\Concerns\\{closure}(8, 'Trying to acces...', 'C:\\\\xampp\\\\htdocs...', 38, Array)
#1 [internal function]: App\\Http\\Controllers\\DistrictController->divisionWiseDistrictList('barisal')
#2 C:\\xampp\\htdocs\\vugol\\vendor\\illuminate\\container\\BoundMethod.php(32): call_user_func_array(Array, Array)
#3 C:\\xampp\\htdocs\\vugol\\vendor\\illuminate\\container\\Util.php(36): Illuminate\\Container\\BoundMethod::Illuminate\\Container\\{closure}()
#4 C:\\xampp\\htdocs\\vugol\\vendor\\illuminate\\container\\BoundMethod.php(90): Illuminate\\Container\\Util::unwrapIfClosure(Object(Closure))
#5 C:\\xampp\\htdocs\\vugol\\vendor\\illuminate\\container\\BoundMethod.php(34): Illuminate\\Container\\BoundMethod::callBoundMethod(Object(Laravel\\Lumen\\Application), Array, Object(Closure))
#6 C:\\xampp\\htdocs\\vugol\\vendor\\illuminate\\container\\Container.php(590): Illuminate\\Container\\BoundMethod::call(Object(Laravel\\Lumen\\Application), Array, Array, NULL)
#7 C:\\xampp\\htdocs\\vugol\\vendor\\laravel\\lumen-framework\\src\\Concerns\\RoutesRequests.php(376): Illuminate\\Container\\Container->call(Array, Array)
#8 C:\\xampp\\htdocs\\vugol\\vendor\\laravel\\lumen-framework\\src\\Concerns\\RoutesRequests.php(342): Laravel\\Lumen\\Application->callControllerCallable(Array, Array)
#9 C:\\xampp\\htdocs\\vugol\\vendor\\laravel\\lumen-framework\\src\\Concerns\\RoutesRequests.php(316): Laravel\\Lumen\\Application->callLumenController(Object(App\\Http\\Controllers\\DistrictController), 'divisionWiseDis...', Array)
#10 C:\\xampp\\htdocs\\vugol\\vendor\\laravel\\lumen-framework\\src\\Concerns\\RoutesRequests.php(278): Laravel\\Lumen\\Application->callControllerAction(Array)
#11 C:\\xampp\\htdocs\\vugol\\vendor\\laravel\\lumen-framework\\src\\Concerns\\RoutesRequests.php(263): Laravel\\Lumen\\Application->callActionOnArrayBasedRoute(Array)
#12 C:\\xampp\\htdocs\\vugol\\vendor\\laravel\\lumen-framework\\src\\Concerns\\RoutesRequests.php(233): Laravel\\Lumen\\Application->handleFoundRoute(Array)
#13 C:\\xampp\\htdocs\\vugol\\vendor\\laravel\\lumen-framework\\src\\Concerns\\RoutesRequests.php(169): Laravel\\Lumen\\Application->handleDispatcherResponse(Array)
#14 C:\\xampp\\htdocs\\vugol\\vendor\\laravel\\lumen-framework\\src\\Concerns\\RoutesRequests.php(416): Laravel\\Lumen\\Application->Laravel\\Lumen\\Concerns\\{closure}(Object(Laravel\\Lumen\\Http\\Request))
#15 C:\\xampp\\htdocs\\vugol\\vendor\\laravel\\lumen-framework\\src\\Concerns\\RoutesRequests.php(171): Laravel\\Lumen\\Application->sendThroughPipeline(Array, Object(Closure))
#16 C:\\xampp\\htdocs\\vugol\\vendor\\laravel\\lumen-framework\\src\\Concerns\\RoutesRequests.php(108): Laravel\\Lumen\\Application->dispatch(NULL)
#17 C:\\xampp\\htdocs\\vugol\\public\\index.php(28): Laravel\\Lumen\\Application->run()
#18 {main}
"} 
[2020-03-28 16:20:39] local.ERROR: ErrorException: Trying to access array offset on value of type int in C:\xampp\htdocs\vugol\app\Http\Controllers\DistrictController.php:38
Stack trace:
#0 C:\xampp\htdocs\vugol\app\Http\Controllers\DistrictController.php(38): Laravel\Lumen\Application->Laravel\Lumen\Concerns\{closure}(8, 'Trying to acces...', 'C:\\xampp\\htdocs...', 38, Array)
#1 [internal function]: App\Http\Controllers\DistrictController->divisionWiseDistrictList('barisal')
#2 C:\xampp\htdocs\vugol\vendor\illuminate\container\BoundMethod.php(32): call_user_func_array(Array, Array)
#3 C:\xampp\htdocs\vugol\vendor\illuminate\container\Util.php(36): Illuminate\Container\BoundMethod::Illuminate\Container\{closure}()
#4 C:\xampp\htdocs\vugol\vendor\illuminate\container\BoundMethod.php(90): Illuminate\Container\Util::unwrapIfClosure(Object(Closure))
#5 C:\xampp\htdocs\vugol\vendor\illuminate\container\BoundMethod.php(34): Illuminate\Container\BoundMethod::callBoundMethod(Object(Laravel\Lumen\Application), Array, Object(Closure))
#6 C:\xampp\htdocs\vugol\vendor\illuminate\container\Container.php(590): Illuminate\Container\BoundMethod::call(Object(Laravel\Lumen\Application), Array, Array, NULL)
#7 C:\xampp\htdocs\vugol\vendor\laravel\lumen-framework\src\Concerns\RoutesRequests.php(376): Illuminate\Container\Container->call(Array, Array)
#8 C:\xampp\htdocs\vugol\vendor\laravel\lumen-framework\src\Concerns\RoutesRequests.php(342): Laravel\Lumen\Application->callControllerCallable(Array, Array)
#9 C:\xampp\htdocs\vugol\vendor\laravel\lumen-framework\src\Concerns\RoutesRequests.php(316): Laravel\Lumen\Application->callLumenController(Object(App\Http\Controllers\DistrictController), 'divisionWiseDis...', Array)
#10 C:\xampp\htdocs\vugol\vendor\laravel\lumen-framework\src\Concerns\RoutesRequests.php(278): Laravel\Lumen\Application->callControllerAction(Array)
#11 C:\xampp\htdocs\vugol\vendor\laravel\lumen-framework\src\Concerns\RoutesRequests.php(263): Laravel\Lumen\Application->callActionOnArrayBasedRoute(Array)
#12 C:\xampp\htdocs\vugol\vendor\laravel\lumen-framework\src\Concerns\RoutesRequests.php(233): Laravel\Lumen\Application->handleFoundRoute(Array)
#13 C:\xampp\htdocs\vugol\vendor\laravel\lumen-framework\src\Concerns\RoutesRequests.php(169): Laravel\Lumen\Application->handleDispatcherResponse(Array)
#14 C:\xampp\htdocs\vugol\vendor\laravel\lumen-framework\src\Concerns\RoutesRequests.php(416): Laravel\Lumen\Application->Laravel\Lumen\Concerns\{closure}(Object(Laravel\Lumen\Http\Request))
#15 C:\xampp\htdocs\vugol\vendor\laravel\lumen-framework\src\Concerns\RoutesRequests.php(171): Laravel\Lumen\Application->sendThroughPipeline(Array, Object(Closure))
#16 C:\xampp\htdocs\vugol\vendor\laravel\lumen-framework\src\Concerns\RoutesRequests.php(108): Laravel\Lumen\Application->dispatch(NULL)
#17 C:\xampp\htdocs\vugol\public\index.php(28): Laravel\Lumen\Application->run()
#18 {main} {"exception":"[object] (ErrorException(code: 0): Trying to access array offset on value of type int at C:\\xampp\\htdocs\\vugol\\app\\Http\\Controllers\\DistrictController.php:38)
[stacktrace]
#0 C:\\xampp\\htdocs\\vugol\\app\\Http\\Controllers\\DistrictController.php(38): Laravel\\Lumen\\Application->Laravel\\Lumen\\Concerns\\{closure}(8, 'Trying to acces...', 'C:\\\\xampp\\\\htdocs...', 38, Array)
#1 [internal function]: App\\Http\\Controllers\\DistrictController->divisionWiseDistrictList('barisal')
#2 C:\\xampp\\htdocs\\vugol\\vendor\\illuminate\\container\\BoundMethod.php(32): call_user_func_array(Array, Array)
#3 C:\\xampp\\htdocs\\vugol\\vendor\\illuminate\\container\\Util.php(36): Illuminate\\Container\\BoundMethod::Illuminate\\Container\\{closure}()
#4 C:\\xampp\\htdocs\\vugol\\vendor\\illuminate\\container\\BoundMethod.php(90): Illuminate\\Container\\Util::unwrapIfClosure(Object(Closure))
#5 C:\\xampp\\htdocs\\vugol\\vendor\\illuminate\\container\\BoundMethod.php(34): Illuminate\\Container\\BoundMethod::callBoundMethod(Object(Laravel\\Lumen\\Application), Array, Object(Closure))
#6 C:\\xampp\\htdocs\\vugol\\vendor\\illuminate\\container\\Container.php(590): Illuminate\\Container\\BoundMethod::call(Object(Laravel\\Lumen\\Application), Array, Array, NULL)
#7 C:\\xampp\\htdocs\\vugol\\vendor\\laravel\\lumen-framework\\src\\Concerns\\RoutesRequests.php(376): Illuminate\\Container\\Container->call(Array, Array)
#8 C:\\xampp\\htdocs\\vugol\\vendor\\laravel\\lumen-framework\\src\\Concerns\\RoutesRequests.php(342): Laravel\\Lumen\\Application->callControllerCallable(Array, Array)
#9 C:\\xampp\\htdocs\\vugol\\vendor\\laravel\\lumen-framework\\src\\Concerns\\RoutesRequests.php(316): Laravel\\Lumen\\Application->callLumenController(Object(App\\Http\\Controllers\\DistrictController), 'divisionWiseDis...', Array)
#10 C:\\xampp\\htdocs\\vugol\\vendor\\laravel\\lumen-framework\\src\\Concerns\\RoutesRequests.php(278): Laravel\\Lumen\\Application->callControllerAction(Array)
#11 C:\\xampp\\htdocs\\vugol\\vendor\\laravel\\lumen-framework\\src\\Concerns\\RoutesRequests.php(263): Laravel\\Lumen\\Application->callActionOnArrayBasedRoute(Array)
#12 C:\\xampp\\htdocs\\vugol\\vendor\\laravel\\lumen-framework\\src\\Concerns\\RoutesRequests.php(233): Laravel\\Lumen\\Application->handleFoundRoute(Array)
#13 C:\\xampp\\htdocs\\vugol\\vendor\\laravel\\lumen-framework\\src\\Concerns\\RoutesRequests.php(169): Laravel\\Lumen\\Application->handleDispatcherResponse(Array)
#14 C:\\xampp\\htdocs\\vugol\\vendor\\laravel\\lumen-framework\\src\\Concerns\\RoutesRequests.php(416): Laravel\\Lumen\\Application->Laravel\\Lumen\\Concerns\\{closure}(Object(Laravel\\Lumen\\Http\\Request))
#15 C:\\xampp\\htdocs\\vugol\\vendor\\laravel\\lumen-framework\\src\\Concerns\\RoutesRequests.php(171): Laravel\\Lumen\\Application->sendThroughPipeline(Array, Object(Closure))
#16 C:\\xampp\\htdocs\\vugol\\vendor\\laravel\\lumen-framework\\src\\Concerns\\RoutesRequests.php(108): Laravel\\Lumen\\Application->dispatch(NULL)
#17 C:\\xampp\\htdocs\\vugol\\public\\index.php(28): Laravel\\Lumen\\Application->run()
#18 {main}
"} 
[2020-03-28 16:20:50] local.ERROR: ErrorException: Trying to access array offset on value of type int in C:\xampp\htdocs\vugol\app\Http\Controllers\DistrictController.php:38
Stack trace:
#0 C:\xampp\htdocs\vugol\app\Http\Controllers\DistrictController.php(38): Laravel\Lumen\Application->Laravel\Lumen\Concerns\{closure}(8, 'Trying to acces...', 'C:\\xampp\\htdocs...', 38, Array)
#1 [internal function]: App\Http\Controllers\DistrictController->divisionWiseDistrictList('barisal')
#2 C:\xampp\htdocs\vugol\vendor\illuminate\container\BoundMethod.php(32): call_user_func_array(Array, Array)
#3 C:\xampp\htdocs\vugol\vendor\illuminate\container\Util.php(36): Illuminate\Container\BoundMethod::Illuminate\Container\{closure}()
#4 C:\xampp\htdocs\vugol\vendor\illuminate\container\BoundMethod.php(90): Illuminate\Container\Util::unwrapIfClosure(Object(Closure))
#5 C:\xampp\htdocs\vugol\vendor\illuminate\container\BoundMethod.php(34): Illuminate\Container\BoundMethod::callBoundMethod(Object(Laravel\Lumen\Application), Array, Object(Closure))
#6 C:\xampp\htdocs\vugol\vendor\illuminate\container\Container.php(590): Illuminate\Container\BoundMethod::call(Object(Laravel\Lumen\Application), Array, Array, NULL)
#7 C:\xampp\htdocs\vugol\vendor\laravel\lumen-framework\src\Concerns\RoutesRequests.php(376): Illuminate\Container\Container->call(Array, Array)
#8 C:\xampp\htdocs\vugol\vendor\laravel\lumen-framework\src\Concerns\RoutesRequests.php(342): Laravel\Lumen\Application->callControllerCallable(Array, Array)
#9 C:\xampp\htdocs\vugol\vendor\laravel\lumen-framework\src\Concerns\RoutesRequests.php(316): Laravel\Lumen\Application->callLumenController(Object(App\Http\Controllers\DistrictController), 'divisionWiseDis...', Array)
#10 C:\xampp\htdocs\vugol\vendor\laravel\lumen-framework\src\Concerns\RoutesRequests.php(278): Laravel\Lumen\Application->callControllerAction(Array)
#11 C:\xampp\htdocs\vugol\vendor\laravel\lumen-framework\src\Concerns\RoutesRequests.php(263): Laravel\Lumen\Application->callActionOnArrayBasedRoute(Array)
#12 C:\xampp\htdocs\vugol\vendor\laravel\lumen-framework\src\Concerns\RoutesRequests.php(233): Laravel\Lumen\Application->handleFoundRoute(Array)
#13 C:\xampp\htdocs\vugol\vendor\laravel\lumen-framework\src\Concerns\RoutesRequests.php(169): Laravel\Lumen\Application->handleDispatcherResponse(Array)
#14 C:\xampp\htdocs\vugol\vendor\laravel\lumen-framework\src\Concerns\RoutesRequests.php(416): Laravel\Lumen\Application->Laravel\Lumen\Concerns\{closure}(Object(Laravel\Lumen\Http\Request))
#15 C:\xampp\htdocs\vugol\vendor\laravel\lumen-framework\src\Concerns\RoutesRequests.php(171): Laravel\Lumen\Application->sendThroughPipeline(Array, Object(Closure))
#16 C:\xampp\htdocs\vugol\vendor\laravel\lumen-framework\src\Concerns\RoutesRequests.php(108): Laravel\Lumen\Application->dispatch(NULL)
#17 C:\xampp\htdocs\vugol\public\index.php(28): Laravel\Lumen\Application->run()
#18 {main} {"exception":"[object] (ErrorException(code: 0): Trying to access array offset on value of type int at C:\\xampp\\htdocs\\vugol\\app\\Http\\Controllers\\DistrictController.php:38)
[stacktrace]
#0 C:\\xampp\\htdocs\\vugol\\app\\Http\\Controllers\\DistrictController.php(38): Laravel\\Lumen\\Application->Laravel\\Lumen\\Concerns\\{closure}(8, 'Trying to acces...', 'C:\\\\xampp\\\\htdocs...', 38, Array)
#1 [internal function]: App\\Http\\Controllers\\DistrictController->divisionWiseDistrictList('barisal')
#2 C:\\xampp\\htdocs\\vugol\\vendor\\illuminate\\container\\BoundMethod.php(32): call_user_func_array(Array, Array)
#3 C:\\xampp\\htdocs\\vugol\\vendor\\illuminate\\container\\Util.php(36): Illuminate\\Container\\BoundMethod::Illuminate\\Container\\{closure}()
#4 C:\\xampp\\htdocs\\vugol\\vendor\\illuminate\\container\\BoundMethod.php(90): Illuminate\\Container\\Util::unwrapIfClosure(Object(Closure))
#5 C:\\xampp\\htdocs\\vugol\\vendor\\illuminate\\container\\BoundMethod.php(34): Illuminate\\Container\\BoundMethod::callBoundMethod(Object(Laravel\\Lumen\\Application), Array, Object(Closure))
#6 C:\\xampp\\htdocs\\vugol\\vendor\\illuminate\\container\\Container.php(590): Illuminate\\Container\\BoundMethod::call(Object(Laravel\\Lumen\\Application), Array, Array, NULL)
#7 C:\\xampp\\htdocs\\vugol\\vendor\\laravel\\lumen-framework\\src\\Concerns\\RoutesRequests.php(376): Illuminate\\Container\\Container->call(Array, Array)
#8 C:\\xampp\\htdocs\\vugol\\vendor\\laravel\\lumen-framework\\src\\Concerns\\RoutesRequests.php(342): Laravel\\Lumen\\Application->callControllerCallable(Array, Array)
#9 C:\\xampp\\htdocs\\vugol\\vendor\\laravel\\lumen-framework\\src\\Concerns\\RoutesRequests.php(316): Laravel\\Lumen\\Application->callLumenController(Object(App\\Http\\Controllers\\DistrictController), 'divisionWiseDis...', Array)
#10 C:\\xampp\\htdocs\\vugol\\vendor\\laravel\\lumen-framework\\src\\Concerns\\RoutesRequests.php(278): Laravel\\Lumen\\Application->callControllerAction(Array)
#11 C:\\xampp\\htdocs\\vugol\\vendor\\laravel\\lumen-framework\\src\\Concerns\\RoutesRequests.php(263): Laravel\\Lumen\\Application->callActionOnArrayBasedRoute(Array)
#12 C:\\xampp\\htdocs\\vugol\\vendor\\laravel\\lumen-framework\\src\\Concerns\\RoutesRequests.php(233): Laravel\\Lumen\\Application->handleFoundRoute(Array)
#13 C:\\xampp\\htdocs\\vugol\\vendor\\laravel\\lumen-framework\\src\\Concerns\\RoutesRequests.php(169): Laravel\\Lumen\\Application->handleDispatcherResponse(Array)
#14 C:\\xampp\\htdocs\\vugol\\vendor\\laravel\\lumen-framework\\src\\Concerns\\RoutesRequests.php(416): Laravel\\Lumen\\Application->Laravel\\Lumen\\Concerns\\{closure}(Object(Laravel\\Lumen\\Http\\Request))
#15 C:\\xampp\\htdocs\\vugol\\vendor\\laravel\\lumen-framework\\src\\Concerns\\RoutesRequests.php(171): Laravel\\Lumen\\Application->sendThroughPipeline(Array, Object(Closure))
#16 C:\\xampp\\htdocs\\vugol\\vendor\\laravel\\lumen-framework\\src\\Concerns\\RoutesRequests.php(108): Laravel\\Lumen\\Application->dispatch(NULL)
#17 C:\\xampp\\htdocs\\vugol\\public\\index.php(28): Laravel\\Lumen\\Application->run()
#18 {main}
"} 
