[2020-03-14 10:00:19] local.ERROR: Error: Class 'App\DivisionModel' not found in C:\xampp\htdocs\vugol\app\Http\Controllers\DivisionController.php:22
Stack trace:
#0 [internal function]: App\Http\Controllers\DivisionController->index()
#1 C:\xampp\htdocs\vugol\vendor\illuminate\container\BoundMethod.php(32): call_user_func_array(Array, Array)
#2 C:\xampp\htdocs\vugol\vendor\illuminate\container\Util.php(36): Illuminate\Container\BoundMethod::Illuminate\Container\{closure}()
#3 C:\xampp\htdocs\vugol\vendor\illuminate\container\BoundMethod.php(90): Illuminate\Container\Util::unwrapIfClosure(Object(Closure))
#4 C:\xampp\htdocs\vugol\vendor\illuminate\container\BoundMethod.php(34): Illuminate\Container\BoundMethod::callBoundMethod(Object(Laravel\Lumen\Application), Array, Object(Closure))
#5 C:\xampp\htdocs\vugol\vendor\illuminate\container\Container.php(590): Illuminate\Container\BoundMethod::call(Object(Laravel\Lumen\Application), Array, Array, NULL)
#6 C:\xampp\htdocs\vugol\vendor\laravel\lumen-framework\src\Concerns\RoutesRequests.php(376): Illuminate\Container\Container->call(Array, Array)
#7 C:\xampp\htdocs\vugol\vendor\laravel\lumen-framework\src\Concerns\RoutesRequests.php(342): Laravel\Lumen\Application->callControllerCallable(Array, Array)
#8 C:\xampp\htdocs\vugol\vendor\laravel\lumen-framework\src\Concerns\RoutesRequests.php(316): Laravel\Lumen\Application->callLumenController(Object(App\Http\Controllers\DivisionController), 'index', Array)
#9 C:\xampp\htdocs\vugol\vendor\laravel\lumen-framework\src\Concerns\RoutesRequests.php(278): Laravel\Lumen\Application->callControllerAction(Array)
#10 C:\xampp\htdocs\vugol\vendor\laravel\lumen-framework\src\Concerns\RoutesRequests.php(263): Laravel\Lumen\Application->callActionOnArrayBasedRoute(Array)
#11 C:\xampp\htdocs\vugol\vendor\laravel\lumen-framework\src\Concerns\RoutesRequests.php(165): Laravel\Lumen\Application->handleFoundRoute(Array)
#12 C:\xampp\htdocs\vugol\vendor\laravel\lumen-framework\src\Concerns\RoutesRequests.php(416): Laravel\Lumen\Application->Laravel\Lumen\Concerns\{closure}(Object(Laravel\Lumen\Http\Request))
#13 C:\xampp\htdocs\vugol\vendor\laravel\lumen-framework\src\Concerns\RoutesRequests.php(171): Laravel\Lumen\Application->sendThroughPipeline(Array, Object(Closure))
#14 C:\xampp\htdocs\vugol\vendor\laravel\lumen-framework\src\Concerns\RoutesRequests.php(108): Laravel\Lumen\Application->dispatch(NULL)
#15 C:\xampp\htdocs\vugol\public\index.php(28): Laravel\Lumen\Application->run()
#16 {main} {"exception":"[object] (Error(code: 0): Class 'App\\DivisionModel' not found at C:\\xampp\\htdocs\\vugol\\app\\Http\\Controllers\\DivisionController.php:22)
[stacktrace]
#0 [internal function]: App\\Http\\Controllers\\DivisionController->index()
#1 C:\\xampp\\htdocs\\vugol\\vendor\\illuminate\\container\\BoundMethod.php(32): call_user_func_array(Array, Array)
#2 C:\\xampp\\htdocs\\vugol\\vendor\\illuminate\\container\\Util.php(36): Illuminate\\Container\\BoundMethod::Illuminate\\Container\\{closure}()
#3 C:\\xampp\\htdocs\\vugol\\vendor\\illuminate\\container\\BoundMethod.php(90): Illuminate\\Container\\Util::unwrapIfClosure(Object(Closure))
#4 C:\\xampp\\htdocs\\vugol\\vendor\\illuminate\\container\\BoundMethod.php(34): Illuminate\\Container\\BoundMethod::callBoundMethod(Object(Laravel\\Lumen\\Application), Array, Object(Closure))
#5 C:\\xampp\\htdocs\\vugol\\vendor\\illuminate\\container\\Container.php(590): Illuminate\\Container\\BoundMethod::call(Object(Laravel\\Lumen\\Application), Array, Array, NULL)
#6 C:\\xampp\\htdocs\\vugol\\vendor\\laravel\\lumen-framework\\src\\Concerns\\RoutesRequests.php(376): Illuminate\\Container\\Container->call(Array, Array)
#7 C:\\xampp\\htdocs\\vugol\\vendor\\laravel\\lumen-framework\\src\\Concerns\\RoutesRequests.php(342): Laravel\\Lumen\\Application->callControllerCallable(Array, Array)
#8 C:\\xampp\\htdocs\\vugol\\vendor\\laravel\\lumen-framework\\src\\Concerns\\RoutesRequests.php(316): Laravel\\Lumen\\Application->callLumenController(Object(App\\Http\\Controllers\\DivisionController), 'index', Array)
#9 C:\\xampp\\htdocs\\vugol\\vendor\\laravel\\lumen-framework\\src\\Concerns\\RoutesRequests.php(278): Laravel\\Lumen\\Application->callControllerAction(Array)
#10 C:\\xampp\\htdocs\\vugol\\vendor\\laravel\\lumen-framework\\src\\Concerns\\RoutesRequests.php(263): Laravel\\Lumen\\Application->callActionOnArrayBasedRoute(Array)
#11 C:\\xampp\\htdocs\\vugol\\vendor\\laravel\\lumen-framework\\src\\Concerns\\RoutesRequests.php(165): Laravel\\Lumen\\Application->handleFoundRoute(Array)
#12 C:\\xampp\\htdocs\\vugol\\vendor\\laravel\\lumen-framework\\src\\Concerns\\RoutesRequests.php(416): Laravel\\Lumen\\Application->Laravel\\Lumen\\Concerns\\{closure}(Object(Laravel\\Lumen\\Http\\Request))
#13 C:\\xampp\\htdocs\\vugol\\vendor\\laravel\\lumen-framework\\src\\Concerns\\RoutesRequests.php(171): Laravel\\Lumen\\Application->sendThroughPipeline(Array, Object(Closure))
#14 C:\\xampp\\htdocs\\vugol\\vendor\\laravel\\lumen-framework\\src\\Concerns\\RoutesRequests.php(108): Laravel\\Lumen\\Application->dispatch(NULL)
#15 C:\\xampp\\htdocs\\vugol\\public\\index.php(28): Laravel\\Lumen\\Application->run()
#16 {main}
"} 
[2020-03-14 10:16:12] local.ERROR: ParseError: syntax error, unexpected ')', expecting function (T_FUNCTION) or const (T_CONST) in C:\xampp\htdocs\vugol\app\Http\Controllers\DivisionController.php:48
Stack trace:
#0 C:\xampp\htdocs\vugol\vendor\composer\ClassLoader.php(322): Composer\Autoload\includeFile('C:\\xampp\\htdocs...')
#1 [internal function]: Composer\Autoload\ClassLoader->loadClass('App\\Http\\Contro...')
#2 [internal function]: spl_autoload_call('App\\Http\\Contro...')
#3 C:\xampp\htdocs\vugol\vendor\illuminate\container\Container.php(803): ReflectionClass->__construct('App\\Http\\Contro...')
#4 C:\xampp\htdocs\vugol\vendor\illuminate\container\Container.php(681): Illuminate\Container\Container->build('App\\Http\\Contro...')
#5 C:\xampp\htdocs\vugol\vendor\illuminate\container\Container.php(629): Illuminate\Container\Container->resolve('App\\Http\\Contro...', Array)
#6 C:\xampp\htdocs\vugol\vendor\laravel\lumen-framework\src\Application.php(266): Illuminate\Container\Container->make('App\\Http\\Contro...', Array)
#7 C:\xampp\htdocs\vugol\vendor\laravel\lumen-framework\src\Concerns\RoutesRequests.php(311): Laravel\Lumen\Application->make('App\\Http\\Contro...')
#8 C:\xampp\htdocs\vugol\vendor\laravel\lumen-framework\src\Concerns\RoutesRequests.php(278): Laravel\Lumen\Application->callControllerAction(Array)
#9 C:\xampp\htdocs\vugol\vendor\laravel\lumen-framework\src\Concerns\RoutesRequests.php(263): Laravel\Lumen\Application->callActionOnArrayBasedRoute(Array)
#10 C:\xampp\htdocs\vugol\vendor\laravel\lumen-framework\src\Concerns\RoutesRequests.php(165): Laravel\Lumen\Application->handleFoundRoute(Array)
#11 C:\xampp\htdocs\vugol\vendor\laravel\lumen-framework\src\Concerns\RoutesRequests.php(416): Laravel\Lumen\Application->Laravel\Lumen\Concerns\{closure}(Object(Laravel\Lumen\Http\Request))
#12 C:\xampp\htdocs\vugol\vendor\laravel\lumen-framework\src\Concerns\RoutesRequests.php(171): Laravel\Lumen\Application->sendThroughPipeline(Array, Object(Closure))
#13 C:\xampp\htdocs\vugol\vendor\laravel\lumen-framework\src\Concerns\RoutesRequests.php(108): Laravel\Lumen\Application->dispatch(NULL)
#14 C:\xampp\htdocs\vugol\public\index.php(28): Laravel\Lumen\Application->run()
#15 {main} {"exception":"[object] (ParseError(code: 0): syntax error, unexpected ')', expecting function (T_FUNCTION) or const (T_CONST) at C:\\xampp\\htdocs\\vugol\\app\\Http\\Controllers\\DivisionController.php:48)
[stacktrace]
#0 C:\\xampp\\htdocs\\vugol\\vendor\\composer\\ClassLoader.php(322): Composer\\Autoload\\includeFile('C:\\\\xampp\\\\htdocs...')
#1 [internal function]: Composer\\Autoload\\ClassLoader->loadClass('App\\\\Http\\\\Contro...')
#2 [internal function]: spl_autoload_call('App\\\\Http\\\\Contro...')
#3 C:\\xampp\\htdocs\\vugol\\vendor\\illuminate\\container\\Container.php(803): ReflectionClass->__construct('App\\\\Http\\\\Contro...')
#4 C:\\xampp\\htdocs\\vugol\\vendor\\illuminate\\container\\Container.php(681): Illuminate\\Container\\Container->build('App\\\\Http\\\\Contro...')
#5 C:\\xampp\\htdocs\\vugol\\vendor\\illuminate\\container\\Container.php(629): Illuminate\\Container\\Container->resolve('App\\\\Http\\\\Contro...', Array)
#6 C:\\xampp\\htdocs\\vugol\\vendor\\laravel\\lumen-framework\\src\\Application.php(266): Illuminate\\Container\\Container->make('App\\\\Http\\\\Contro...', Array)
#7 C:\\xampp\\htdocs\\vugol\\vendor\\laravel\\lumen-framework\\src\\Concerns\\RoutesRequests.php(311): Laravel\\Lumen\\Application->make('App\\\\Http\\\\Contro...')
#8 C:\\xampp\\htdocs\\vugol\\vendor\\laravel\\lumen-framework\\src\\Concerns\\RoutesRequests.php(278): Laravel\\Lumen\\Application->callControllerAction(Array)
#9 C:\\xampp\\htdocs\\vugol\\vendor\\laravel\\lumen-framework\\src\\Concerns\\RoutesRequests.php(263): Laravel\\Lumen\\Application->callActionOnArrayBasedRoute(Array)
#10 C:\\xampp\\htdocs\\vugol\\vendor\\laravel\\lumen-framework\\src\\Concerns\\RoutesRequests.php(165): Laravel\\Lumen\\Application->handleFoundRoute(Array)
#11 C:\\xampp\\htdocs\\vugol\\vendor\\laravel\\lumen-framework\\src\\Concerns\\RoutesRequests.php(416): Laravel\\Lumen\\Application->Laravel\\Lumen\\Concerns\\{closure}(Object(Laravel\\Lumen\\Http\\Request))
#12 C:\\xampp\\htdocs\\vugol\\vendor\\laravel\\lumen-framework\\src\\Concerns\\RoutesRequests.php(171): Laravel\\Lumen\\Application->sendThroughPipeline(Array, Object(Closure))
#13 C:\\xampp\\htdocs\\vugol\\vendor\\laravel\\lumen-framework\\src\\Concerns\\RoutesRequests.php(108): Laravel\\Lumen\\Application->dispatch(NULL)
#14 C:\\xampp\\htdocs\\vugol\\public\\index.php(28): Laravel\\Lumen\\Application->run()
#15 {main}
"} 
[2020-03-14 10:16:28] local.ERROR: ParseError: syntax error, unexpected ')', expecting function (T_FUNCTION) or const (T_CONST) in C:\xampp\htdocs\vugol\app\Http\Controllers\DivisionController.php:48
Stack trace:
#0 C:\xampp\htdocs\vugol\vendor\composer\ClassLoader.php(322): Composer\Autoload\includeFile('C:\\xampp\\htdocs...')
#1 [internal function]: Composer\Autoload\ClassLoader->loadClass('App\\Http\\Contro...')
#2 [internal function]: spl_autoload_call('App\\Http\\Contro...')
#3 C:\xampp\htdocs\vugol\vendor\illuminate\container\Container.php(803): ReflectionClass->__construct('App\\Http\\Contro...')
#4 C:\xampp\htdocs\vugol\vendor\illuminate\container\Container.php(681): Illuminate\Container\Container->build('App\\Http\\Contro...')
#5 C:\xampp\htdocs\vugol\vendor\illuminate\container\Container.php(629): Illuminate\Container\Container->resolve('App\\Http\\Contro...', Array)
#6 C:\xampp\htdocs\vugol\vendor\laravel\lumen-framework\src\Application.php(266): Illuminate\Container\Container->make('App\\Http\\Contro...', Array)
#7 C:\xampp\htdocs\vugol\vendor\laravel\lumen-framework\src\Concerns\RoutesRequests.php(311): Laravel\Lumen\Application->make('App\\Http\\Contro...')
#8 C:\xampp\htdocs\vugol\vendor\laravel\lumen-framework\src\Concerns\RoutesRequests.php(278): Laravel\Lumen\Application->callControllerAction(Array)
#9 C:\xampp\htdocs\vugol\vendor\laravel\lumen-framework\src\Concerns\RoutesRequests.php(263): Laravel\Lumen\Application->callActionOnArrayBasedRoute(Array)
#10 C:\xampp\htdocs\vugol\vendor\laravel\lumen-framework\src\Concerns\RoutesRequests.php(165): Laravel\Lumen\Application->handleFoundRoute(Array)
#11 C:\xampp\htdocs\vugol\vendor\laravel\lumen-framework\src\Concerns\RoutesRequests.php(416): Laravel\Lumen\Application->Laravel\Lumen\Concerns\{closure}(Object(Laravel\Lumen\Http\Request))
#12 C:\xampp\htdocs\vugol\vendor\laravel\lumen-framework\src\Concerns\RoutesRequests.php(171): Laravel\Lumen\Application->sendThroughPipeline(Array, Object(Closure))
#13 C:\xampp\htdocs\vugol\vendor\laravel\lumen-framework\src\Concerns\RoutesRequests.php(108): Laravel\Lumen\Application->dispatch(NULL)
#14 C:\xampp\htdocs\vugol\public\index.php(28): Laravel\Lumen\Application->run()
#15 {main} {"exception":"[object] (ParseError(code: 0): syntax error, unexpected ')', expecting function (T_FUNCTION) or const (T_CONST) at C:\\xampp\\htdocs\\vugol\\app\\Http\\Controllers\\DivisionController.php:48)
[stacktrace]
#0 C:\\xampp\\htdocs\\vugol\\vendor\\composer\\ClassLoader.php(322): Composer\\Autoload\\includeFile('C:\\\\xampp\\\\htdocs...')
#1 [internal function]: Composer\\Autoload\\ClassLoader->loadClass('App\\\\Http\\\\Contro...')
#2 [internal function]: spl_autoload_call('App\\\\Http\\\\Contro...')
#3 C:\\xampp\\htdocs\\vugol\\vendor\\illuminate\\container\\Container.php(803): ReflectionClass->__construct('App\\\\Http\\\\Contro...')
#4 C:\\xampp\\htdocs\\vugol\\vendor\\illuminate\\container\\Container.php(681): Illuminate\\Container\\Container->build('App\\\\Http\\\\Contro...')
#5 C:\\xampp\\htdocs\\vugol\\vendor\\illuminate\\container\\Container.php(629): Illuminate\\Container\\Container->resolve('App\\\\Http\\\\Contro...', Array)
#6 C:\\xampp\\htdocs\\vugol\\vendor\\laravel\\lumen-framework\\src\\Application.php(266): Illuminate\\Container\\Container->make('App\\\\Http\\\\Contro...', Array)
#7 C:\\xampp\\htdocs\\vugol\\vendor\\laravel\\lumen-framework\\src\\Concerns\\RoutesRequests.php(311): Laravel\\Lumen\\Application->make('App\\\\Http\\\\Contro...')
#8 C:\\xampp\\htdocs\\vugol\\vendor\\laravel\\lumen-framework\\src\\Concerns\\RoutesRequests.php(278): Laravel\\Lumen\\Application->callControllerAction(Array)
#9 C:\\xampp\\htdocs\\vugol\\vendor\\laravel\\lumen-framework\\src\\Concerns\\RoutesRequests.php(263): Laravel\\Lumen\\Application->callActionOnArrayBasedRoute(Array)
#10 C:\\xampp\\htdocs\\vugol\\vendor\\laravel\\lumen-framework\\src\\Concerns\\RoutesRequests.php(165): Laravel\\Lumen\\Application->handleFoundRoute(Array)
#11 C:\\xampp\\htdocs\\vugol\\vendor\\laravel\\lumen-framework\\src\\Concerns\\RoutesRequests.php(416): Laravel\\Lumen\\Application->Laravel\\Lumen\\Concerns\\{closure}(Object(Laravel\\Lumen\\Http\\Request))
#12 C:\\xampp\\htdocs\\vugol\\vendor\\laravel\\lumen-framework\\src\\Concerns\\RoutesRequests.php(171): Laravel\\Lumen\\Application->sendThroughPipeline(Array, Object(Closure))
#13 C:\\xampp\\htdocs\\vugol\\vendor\\laravel\\lumen-framework\\src\\Concerns\\RoutesRequests.php(108): Laravel\\Lumen\\Application->dispatch(NULL)
#14 C:\\xampp\\htdocs\\vugol\\public\\index.php(28): Laravel\\Lumen\\Application->run()
#15 {main}
"} 
[2020-03-14 10:16:52] local.ERROR: ParseError: syntax error, unexpected ')', expecting function (T_FUNCTION) or const (T_CONST) in C:\xampp\htdocs\vugol\app\Http\Controllers\DivisionController.php:48
Stack trace:
#0 C:\xampp\htdocs\vugol\vendor\composer\ClassLoader.php(322): Composer\Autoload\includeFile('C:\\xampp\\htdocs...')
#1 [internal function]: Composer\Autoload\ClassLoader->loadClass('App\\Http\\Contro...')
#2 [internal function]: spl_autoload_call('App\\Http\\Contro...')
#3 C:\xampp\htdocs\vugol\vendor\illuminate\container\Container.php(803): ReflectionClass->__construct('App\\Http\\Contro...')
#4 C:\xampp\htdocs\vugol\vendor\illuminate\container\Container.php(681): Illuminate\Container\Container->build('App\\Http\\Contro...')
#5 C:\xampp\htdocs\vugol\vendor\illuminate\container\Container.php(629): Illuminate\Container\Container->resolve('App\\Http\\Contro...', Array)
#6 C:\xampp\htdocs\vugol\vendor\laravel\lumen-framework\src\Application.php(266): Illuminate\Container\Container->make('App\\Http\\Contro...', Array)
#7 C:\xampp\htdocs\vugol\vendor\laravel\lumen-framework\src\Concerns\RoutesRequests.php(311): Laravel\Lumen\Application->make('App\\Http\\Contro...')
#8 C:\xampp\htdocs\vugol\vendor\laravel\lumen-framework\src\Concerns\RoutesRequests.php(278): Laravel\Lumen\Application->callControllerAction(Array)
#9 C:\xampp\htdocs\vugol\vendor\laravel\lumen-framework\src\Concerns\RoutesRequests.php(263): Laravel\Lumen\Application->callActionOnArrayBasedRoute(Array)
#10 C:\xampp\htdocs\vugol\vendor\laravel\lumen-framework\src\Concerns\RoutesRequests.php(165): Laravel\Lumen\Application->handleFoundRoute(Array)
#11 C:\xampp\htdocs\vugol\vendor\laravel\lumen-framework\src\Concerns\RoutesRequests.php(416): Laravel\Lumen\Application->Laravel\Lumen\Concerns\{closure}(Object(Laravel\Lumen\Http\Request))
#12 C:\xampp\htdocs\vugol\vendor\laravel\lumen-framework\src\Concerns\RoutesRequests.php(171): Laravel\Lumen\Application->sendThroughPipeline(Array, Object(Closure))
#13 C:\xampp\htdocs\vugol\vendor\laravel\lumen-framework\src\Concerns\RoutesRequests.php(108): Laravel\Lumen\Application->dispatch(NULL)
#14 C:\xampp\htdocs\vugol\public\index.php(28): Laravel\Lumen\Application->run()
#15 {main} {"exception":"[object] (ParseError(code: 0): syntax error, unexpected ')', expecting function (T_FUNCTION) or const (T_CONST) at C:\\xampp\\htdocs\\vugol\\app\\Http\\Controllers\\DivisionController.php:48)
[stacktrace]
#0 C:\\xampp\\htdocs\\vugol\\vendor\\composer\\ClassLoader.php(322): Composer\\Autoload\\includeFile('C:\\\\xampp\\\\htdocs...')
#1 [internal function]: Composer\\Autoload\\ClassLoader->loadClass('App\\\\Http\\\\Contro...')
#2 [internal function]: spl_autoload_call('App\\\\Http\\\\Contro...')
#3 C:\\xampp\\htdocs\\vugol\\vendor\\illuminate\\container\\Container.php(803): ReflectionClass->__construct('App\\\\Http\\\\Contro...')
#4 C:\\xampp\\htdocs\\vugol\\vendor\\illuminate\\container\\Container.php(681): Illuminate\\Container\\Container->build('App\\\\Http\\\\Contro...')
#5 C:\\xampp\\htdocs\\vugol\\vendor\\illuminate\\container\\Container.php(629): Illuminate\\Container\\Container->resolve('App\\\\Http\\\\Contro...', Array)
#6 C:\\xampp\\htdocs\\vugol\\vendor\\laravel\\lumen-framework\\src\\Application.php(266): Illuminate\\Container\\Container->make('App\\\\Http\\\\Contro...', Array)
#7 C:\\xampp\\htdocs\\vugol\\vendor\\laravel\\lumen-framework\\src\\Concerns\\RoutesRequests.php(311): Laravel\\Lumen\\Application->make('App\\\\Http\\\\Contro...')
#8 C:\\xampp\\htdocs\\vugol\\vendor\\laravel\\lumen-framework\\src\\Concerns\\RoutesRequests.php(278): Laravel\\Lumen\\Application->callControllerAction(Array)
#9 C:\\xampp\\htdocs\\vugol\\vendor\\laravel\\lumen-framework\\src\\Concerns\\RoutesRequests.php(263): Laravel\\Lumen\\Application->callActionOnArrayBasedRoute(Array)
#10 C:\\xampp\\htdocs\\vugol\\vendor\\laravel\\lumen-framework\\src\\Concerns\\RoutesRequests.php(165): Laravel\\Lumen\\Application->handleFoundRoute(Array)
#11 C:\\xampp\\htdocs\\vugol\\vendor\\laravel\\lumen-framework\\src\\Concerns\\RoutesRequests.php(416): Laravel\\Lumen\\Application->Laravel\\Lumen\\Concerns\\{closure}(Object(Laravel\\Lumen\\Http\\Request))
#12 C:\\xampp\\htdocs\\vugol\\vendor\\laravel\\lumen-framework\\src\\Concerns\\RoutesRequests.php(171): Laravel\\Lumen\\Application->sendThroughPipeline(Array, Object(Closure))
#13 C:\\xampp\\htdocs\\vugol\\vendor\\laravel\\lumen-framework\\src\\Concerns\\RoutesRequests.php(108): Laravel\\Lumen\\Application->dispatch(NULL)
#14 C:\\xampp\\htdocs\\vugol\\public\\index.php(28): Laravel\\Lumen\\Application->run()
#15 {main}
"} 
[2020-03-14 10:17:20] local.ERROR: ParseError: syntax error, unexpected ')', expecting function (T_FUNCTION) or const (T_CONST) in C:\xampp\htdocs\vugol\app\Http\Controllers\DivisionController.php:48
Stack trace:
#0 C:\xampp\htdocs\vugol\vendor\composer\ClassLoader.php(322): Composer\Autoload\includeFile('C:\\xampp\\htdocs...')
#1 [internal function]: Composer\Autoload\ClassLoader->loadClass('App\\Http\\Contro...')
#2 [internal function]: spl_autoload_call('App\\Http\\Contro...')
#3 C:\xampp\htdocs\vugol\vendor\illuminate\container\Container.php(803): ReflectionClass->__construct('App\\Http\\Contro...')
#4 C:\xampp\htdocs\vugol\vendor\illuminate\container\Container.php(681): Illuminate\Container\Container->build('App\\Http\\Contro...')
#5 C:\xampp\htdocs\vugol\vendor\illuminate\container\Container.php(629): Illuminate\Container\Container->resolve('App\\Http\\Contro...', Array)
#6 C:\xampp\htdocs\vugol\vendor\laravel\lumen-framework\src\Application.php(266): Illuminate\Container\Container->make('App\\Http\\Contro...', Array)
#7 C:\xampp\htdocs\vugol\vendor\laravel\lumen-framework\src\Concerns\RoutesRequests.php(311): Laravel\Lumen\Application->make('App\\Http\\Contro...')
#8 C:\xampp\htdocs\vugol\vendor\laravel\lumen-framework\src\Concerns\RoutesRequests.php(278): Laravel\Lumen\Application->callControllerAction(Array)
#9 C:\xampp\htdocs\vugol\vendor\laravel\lumen-framework\src\Concerns\RoutesRequests.php(263): Laravel\Lumen\Application->callActionOnArrayBasedRoute(Array)
#10 C:\xampp\htdocs\vugol\vendor\laravel\lumen-framework\src\Concerns\RoutesRequests.php(165): Laravel\Lumen\Application->handleFoundRoute(Array)
#11 C:\xampp\htdocs\vugol\vendor\laravel\lumen-framework\src\Concerns\RoutesRequests.php(416): Laravel\Lumen\Application->Laravel\Lumen\Concerns\{closure}(Object(Laravel\Lumen\Http\Request))
#12 C:\xampp\htdocs\vugol\vendor\laravel\lumen-framework\src\Concerns\RoutesRequests.php(171): Laravel\Lumen\Application->sendThroughPipeline(Array, Object(Closure))
#13 C:\xampp\htdocs\vugol\vendor\laravel\lumen-framework\src\Concerns\RoutesRequests.php(108): Laravel\Lumen\Application->dispatch(NULL)
#14 C:\xampp\htdocs\vugol\public\index.php(28): Laravel\Lumen\Application->run()
#15 {main} {"exception":"[object] (ParseError(code: 0): syntax error, unexpected ')', expecting function (T_FUNCTION) or const (T_CONST) at C:\\xampp\\htdocs\\vugol\\app\\Http\\Controllers\\DivisionController.php:48)
[stacktrace]
#0 C:\\xampp\\htdocs\\vugol\\vendor\\composer\\ClassLoader.php(322): Composer\\Autoload\\includeFile('C:\\\\xampp\\\\htdocs...')
#1 [internal function]: Composer\\Autoload\\ClassLoader->loadClass('App\\\\Http\\\\Contro...')
#2 [internal function]: spl_autoload_call('App\\\\Http\\\\Contro...')
#3 C:\\xampp\\htdocs\\vugol\\vendor\\illuminate\\container\\Container.php(803): ReflectionClass->__construct('App\\\\Http\\\\Contro...')
#4 C:\\xampp\\htdocs\\vugol\\vendor\\illuminate\\container\\Container.php(681): Illuminate\\Container\\Container->build('App\\\\Http\\\\Contro...')
#5 C:\\xampp\\htdocs\\vugol\\vendor\\illuminate\\container\\Container.php(629): Illuminate\\Container\\Container->resolve('App\\\\Http\\\\Contro...', Array)
#6 C:\\xampp\\htdocs\\vugol\\vendor\\laravel\\lumen-framework\\src\\Application.php(266): Illuminate\\Container\\Container->make('App\\\\Http\\\\Contro...', Array)
#7 C:\\xampp\\htdocs\\vugol\\vendor\\laravel\\lumen-framework\\src\\Concerns\\RoutesRequests.php(311): Laravel\\Lumen\\Application->make('App\\\\Http\\\\Contro...')
#8 C:\\xampp\\htdocs\\vugol\\vendor\\laravel\\lumen-framework\\src\\Concerns\\RoutesRequests.php(278): Laravel\\Lumen\\Application->callControllerAction(Array)
#9 C:\\xampp\\htdocs\\vugol\\vendor\\laravel\\lumen-framework\\src\\Concerns\\RoutesRequests.php(263): Laravel\\Lumen\\Application->callActionOnArrayBasedRoute(Array)
#10 C:\\xampp\\htdocs\\vugol\\vendor\\laravel\\lumen-framework\\src\\Concerns\\RoutesRequests.php(165): Laravel\\Lumen\\Application->handleFoundRoute(Array)
#11 C:\\xampp\\htdocs\\vugol\\vendor\\laravel\\lumen-framework\\src\\Concerns\\RoutesRequests.php(416): Laravel\\Lumen\\Application->Laravel\\Lumen\\Concerns\\{closure}(Object(Laravel\\Lumen\\Http\\Request))
#12 C:\\xampp\\htdocs\\vugol\\vendor\\laravel\\lumen-framework\\src\\Concerns\\RoutesRequests.php(171): Laravel\\Lumen\\Application->sendThroughPipeline(Array, Object(Closure))
#13 C:\\xampp\\htdocs\\vugol\\vendor\\laravel\\lumen-framework\\src\\Concerns\\RoutesRequests.php(108): Laravel\\Lumen\\Application->dispatch(NULL)
#14 C:\\xampp\\htdocs\\vugol\\public\\index.php(28): Laravel\\Lumen\\Application->run()
#15 {main}
"} 
